{"numTotalTestSuites":260,"numPassedTestSuites":260,"numFailedTestSuites":0,"numPendingTestSuites":0,"numTotalTests":1289,"numPassedTests":1289,"numFailedTests":0,"numPendingTests":0,"numTodoTests":0,"snapshot":{"added":0,"failure":false,"filesAdded":0,"filesRemoved":0,"filesRemovedList":[],"filesUnmatched":0,"filesUpdated":0,"matched":0,"total":0,"unchecked":0,"uncheckedKeysByFile":[],"unmatched":0,"updated":0,"didUpdate":false},"startTime":1787838126437,"success":true,"testResults":[{"assertionResults":[{"ancestorTitles":[],"fullName":"renders /","status":"passed","title":"renders /","duration":333.73525000000006,"failureMessages":[],"meta":{},"tags":[]},{"ancestorTitles":[],"fullName":"renders /projects","status":"passed","title":"renders /projects","duration":311.5173749999999,"failureMessages":[],"meta":{},"tags":[]},{"ancestorTitles":[],"fullName":"renders /agents","status":"passed","title":"renders /agents","duration":326.91562499999986,"failureMessages":[],"meta":{},"tags":[]},{"ancestorTitles":[],"fullName":"renders /challenges","status":"passed","title":"renders /challenges","duration":321.7619999999997,"failureMessages":[],"meta":{},"tags":[]},{"ancestorTitles":[],"fullName":"renders /activity/director-master","status":"passed","title":"renders /activity/director-master","duration":313.23137499999984,"failureMessages":[],"meta":{},"tags":[]},{"ancestorTitles":[],"fullName":"renders /tutorials/add-node","status":"passed","title":"renders /tutorials/add-node","duration":310.3565830000002,"failureMessages":[],"meta":{},"tags":[]},{"ancestorTitles":[],"fullName":"renders /project/demo-project","status":"passed","title":"renders /project/demo-project","duration":322.31704200000013,"failureMessages":[],"meta":{},"tags":[]},{"ancestorTitles":[],"fullName":"renders /project/demo-project/preview","status":"passed","title":"renders /project/demo-project/preview","duration":310.51637500000015,"failureMessages":[],"meta":{},"tags":[]},{"ancestorTitles":[],"fullName":"removes the redundant full-page feature domains from the route table","status":"passed","title":"removes the redundant full-page feature domains from the route table","duration":0.6954170000003614,"failureMessages":[],"meta":{},"tags":[]},{"ancestorTitles":[],"fullName":"registers activity, tutorial detail, immersive detail and read-only process routes","status":"passed","title":"registers activity, tutorial detail, immersive detail and read-only process routes","duration":0.44741700000031415,"failureMessages":[],"meta":{},"tags":[]}],"startTime":1787838127426,"endTime":1787838129977.6953,"status":"passed","message":"","name":"/Users/andydb/.codex/worktrees/322b/无线画布/app/src/app/App.test.tsx"},{"assertionResults":[{"ancestorTitles":[],"fullName":"builds the offline artifact in mock mode without bundling the local API key","status":"passed","title":"builds the offline artifact in mock mode without bundling the local API key","duration":2.3355000000000246,"failureMessages":[],"meta":{},"tags":[]},{"ancestorTitles":[],"fullName":"runs the local gate in order with the mock artifact selected for offline checks","status":"passed","title":"runs the local gate in order with the mock artifact selected for offline checks","duration":0.598542000000009,"failureMessages":[],"meta":{},"tags":[]},{"ancestorTitles":[],"fullName":"selects the offline artifact without disabling the fixture-key development server","status":"passed","title":"selects the offline artifact without disabling the fixture-key development server","duration":1.0627079999999864,"failureMessages":[],"meta":{},"tags":[]},{"ancestorTitles":[],"fullName":"configures Vercel to build app and serve BrowserRouter routes","status":"passed","title":"configures Vercel to build app and serve BrowserRouter routes","duration":0.7637500000000159,"failureMessages":[],"meta":{},"tags":[]},{"ancestorTitles":[],"fullName":"configures Netlify to publish app/dist with an SPA fallback","status":"passed","title":"configures Netlify to publish app/dist with an SPA fallback","duration":0.373875000000055,"failureMessages":[],"meta":{},"tags":[]},{"ancestorTitles":[],"fullName":"documents static deployment and unavailable server bridges","status":"passed","title":"documents static deployment and unavailable server bridges","duration":0.38266699999996945,"failureMessages":[],"meta":{},"tags":[]},{"ancestorTitles":[],"fullName":"configures the GitHub Pages repository base and BrowserRouter basename","status":"passed","title":"configures the GitHub Pages repository base and BrowserRouter basename","duration":0.15933300000000372,"failureMessages":[],"meta":{},"tags":[]},{"ancestorTitles":[],"fullName":"copies the built index document to 404.html for GitHub Pages SPA fallback","status":"passed","title":"copies the built index document to 404.html for GitHub Pages SPA fallback","duration":35.08845900000006,"failureMessages":[],"meta":{},"tags":[]},{"ancestorTitles":[],"fullName":"deploys app/dist to gh-pages after pushes to the platform branch","status":"passed","title":"deploys app/dist to gh-pages after pushes to the platform branch","duration":0.7938329999999496,"failureMessages":[],"meta":{},"tags":[]},{"ancestorTitles":[],"fullName":"documents the GitHub Pages URL, branch source, and local serve check","status":"passed","title":"documents the GitHub Pages URL, branch source, and local serve check","duration":0.559959000000049,"failureMessages":[],"meta":{},"tags":[]}],"startTime":1787838134765,"endTime":1787838134807.794,"status":"passed","message":"","name":"/Users/andydb/.codex/worktrees/322b/无线画布/app/src/app/deployment-config.test.ts"},{"assertionResults":[{"ancestorTitles":[],"fullName":"declares the Chinese product language and title in the served document","status":"passed","title":"declares the Chinese product language and title in the served document","duration":4.5691249999999854,"failureMessages":[],"meta":{},"tags":[]}],"startTime":1787838137579,"endTime":1787838137583.569,"status":"passed","message":"","name":"/Users/andydb/.codex/worktrees/322b/无线画布/app/src/app/index-document.test.ts"},{"assertionResults":[{"ancestorTitles":["withAppBase"],"fullName":"withAppBase prefixes repository-hosted public assets with the GitHub Pages base","status":"passed","title":"prefixes repository-hosted public assets with the GitHub Pages base","duration":0.7893339999999966,"failureMessages":[],"meta":{},"tags":[]},{"ancestorTitles":["withAppBase"],"fullName":"withAppBase keeps localhost root paths unchanged","status":"passed","title":"keeps localhost root paths unchanged","duration":0.13741700000002766,"failureMessages":[],"meta":{},"tags":[]},{"ancestorTitles":["withAppBase"],"fullName":"withAppBase does not rewrite remote, data, or blob URLs","status":"passed","title":"does not rewrite remote, data, or blob URLs","duration":0.08591599999999744,"failureMessages":[],"meta":{},"tags":[]}],"startTime":1787838139110,"endTime":1787838139111.1375,"status":"passed","message":"","name":"/Users/andydb/.codex/worktrees/322b/无线画布/app/src/app/public-url.test.ts"},{"assertionResults":[{"ancestorTitles":[],"fullName":"styles the route loading status as a centered dark-theme surface","status":"passed","title":"styles the route loading status as a centered dark-theme surface","duration":10.14970900000003,"failureMessages":[],"meta":{},"tags":[]},{"ancestorTitles":[],"fullName":"exposes the route loading message as an accessible status","status":"passed","title":"exposes the route loading message as an accessible status","duration":0.377083999999968,"failureMessages":[],"meta":{},"tags":[]}],"startTime":1787838138687,"endTime":1787838138698.3772,"status":"passed","message":"","name":"/Users/andydb/.codex/worktrees/322b/无线画布/app/src/app/route-loading.test.ts"},{"assertionResults":[{"ancestorTitles":[],"fullName":"treats the offline flag as app/dist and preserves explicit output directories","status":"passed","title":"treats the offline flag as app/dist and preserves explicit output directories","duration":5.456750000000056,"failureMessages":[],"meta":{},"tags":[]},{"ancestorTitles":[],"fullName":"serves the SPA entry for extensionless canvas routes and missing nested documents","status":"passed","title":"serves the SPA entry for extensionless canvas routes and missing nested documents","duration":2.9681250000001,"failureMessages":[],"meta":{},"tags":[]},{"ancestorTitles":[],"fullName":"reads existing static assets with their original filenames and contents","status":"passed","title":"reads existing static assets with their original filenames and contents","duration":1.1577499999999645,"failureMessages":[],"meta":{},"tags":[]},{"ancestorTitles":[],"fullName":"rejects paths outside the output directory instead of falling back to external files","status":"passed","title":"rejects paths outside the output directory instead of falling back to external files","duration":1.1342090000000553,"failureMessages":[],"meta":{},"tags":[]}],"startTime":1787838136116,"endTime":1787838136126.1343,"status":"passed","message":"","name":"/Users/andydb/.codex/worktrees/322b/无线画布/app/src/app/static-dist-fixture.test.ts"},{"assertionResults":[{"ancestorTitles":["deployed canvas UI polish contract"],"fullName":"deployed canvas UI polish contract uses a 68px compact standard rail without changing workspace mode","status":"passed","title":"uses a 68px compact standard rail without changing workspace mode","duration":1.4993749999999864,"failureMessages":[],"meta":{},"tags":[]},{"ancestorTitles":["deployed canvas UI polish contract"],"fullName":"deployed canvas UI polish contract keeps the hero compact and mode cards stable on hover","status":"passed","title":"keeps the hero compact and mode cards stable on hover","duration":0.5132919999999785,"failureMessages":[],"meta":{},"tags":[]},{"ancestorTitles":["deployed canvas UI polish contract"],"fullName":"deployed canvas UI polish contract turns the standard mobile rail into a full-width bottom navigation","status":"passed","title":"turns the standard mobile rail into a full-width bottom navigation","duration":0.3808329999999387,"failureMessages":[],"meta":{},"tags":[]}],"startTime":1787838138143,"endTime":1787838138145.3809,"status":"passed","message":"","name":"/Users/andydb/.codex/worktrees/322b/无线画布/app/src/styles/deployed-ui-polish-layout.test.ts"},{"assertionResults":[{"ancestorTitles":["global design system"],"fullName":"global design system defines the complete brand, surface, state, radius, shadow, and motion scales","status":"passed","title":"defines the complete brand, surface, state, radius, shadow, and motion scales","duration":0.9067499999999882,"failureMessages":[],"meta":{},"tags":[]},{"ancestorTitles":["global design system"],"fullName":"global design system applies shared tokens to core canvas surfaces and interactions","status":"passed","title":"applies shared tokens to core canvas surfaces and interactions","duration":0.5430840000000217,"failureMessages":[],"meta":{},"tags":[]},{"ancestorTitles":["global design system"],"fullName":"global design system does not reintroduce the legacy purple accent","status":"passed","title":"does not reintroduce the legacy purple accent","duration":0.43183299999998326,"failureMessages":[],"meta":{},"tags":[]},{"ancestorTitles":["global design system"],"fullName":"global design system animates selection, edges, and panel entry with reduced-motion fallback","status":"passed","title":"animates selection, edges, and panel entry with reduced-motion fallback","duration":0.19524999999998727,"failureMessages":[],"meta":{},"tags":[]}],"startTime":1787838137076,"endTime":1787838137078.432,"status":"passed","message":"","name":"/Users/andydb/.codex/worktrees/322b/无线画布/app/src/styles/design-system.test.ts"},{"assertionResults":[{"ancestorTitles":["home workbench density contract"],"fullName":"home workbench density contract keeps the homepage rail and topbar compact","status":"passed","title":"keeps the homepage rail and topbar compact","duration":2.7966669999999567,"failureMessages":[],"meta":{},"tags":[]},{"ancestorTitles":["home workbench density contract"],"fullName":"home workbench density contract bounds the hero and fits six creation modes on wide screens","status":"passed","title":"bounds the hero and fits six creation modes on wide screens","duration":2.83966700000002,"failureMessages":[],"meta":{},"tags":[]},{"ancestorTitles":["home workbench density contract"],"fullName":"home workbench density contract keeps every recent project reachable in one horizontal row","status":"passed","title":"keeps every recent project reachable in one horizontal row","duration":2.804708000000005,"failureMessages":[],"meta":{},"tags":[]},{"ancestorTitles":["home workbench density contract"],"fullName":"home workbench density contract uses compact agent, feature, skill, and TV Show cards","status":"passed","title":"uses compact agent, feature, skill, and TV Show cards","duration":1.42025000000001,"failureMessages":[],"meta":{},"tags":[]},{"ancestorTitles":["home workbench density contract"],"fullName":"home workbench density contract defines the expected homepage breakpoints","status":"passed","title":"defines the expected homepage breakpoints","duration":0.7731670000000008,"failureMessages":[],"meta":{},"tags":[]}],"startTime":1787838137807,"endTime":1787838137824.7732,"status":"passed","message":"","name":"/Users/andydb/.codex/worktrees/322b/无线画布/app/src/styles/home-workbench-layout.test.ts"},{"assertionResults":[{"ancestorTitles":["LibLib-aligned web design"],"fullName":"LibLib-aligned web design loads after the existing platform polish and replaces the gold brand with cyan","status":"passed","title":"loads after the existing platform polish and replaces the gold brand with cyan","duration":1.950749999999971,"failureMessages":[],"meta":{},"tags":[]},{"ancestorTitles":["LibLib-aligned web design"],"fullName":"LibLib-aligned web design uses the measured LibLib card hover without vertical motion","status":"passed","title":"uses the measured LibLib card hover without vertical motion","duration":0.6053340000000276,"failureMessages":[],"meta":{},"tags":[]},{"ancestorTitles":["LibLib-aligned web design"],"fullName":"LibLib-aligned web design widens and densifies the project workspace on desktop","status":"passed","title":"widens and densifies the project workspace on desktop","duration":0.32395800000000463,"failureMessages":[],"meta":{},"tags":[]},{"ancestorTitles":["LibLib-aligned web design"],"fullName":"LibLib-aligned web design uses horizontal compact project cards and cyan navigation on mobile","status":"passed","title":"uses horizontal compact project cards and cyan navigation on mobile","duration":0.19345799999996416,"failureMessages":[],"meta":{},"tags":[]}],"startTime":1787838137375,"endTime":1787838137378.324,"status":"passed","message":"","name":"/Users/andydb/.codex/worktrees/322b/无线画布/app/src/styles/liblib-web-design.test.ts"},{"assertionResults":[{"ancestorTitles":["platform functional page density contract"],"fullName":"platform functional page density contract keeps secondary page headings compact","status":"passed","title":"keeps secondary page headings compact","duration":1.766125000000045,"failureMessages":[],"meta":{},"tags":[]},{"ancestorTitles":["platform functional page density contract"],"fullName":"platform functional page density contract uses compact project and skill card grids","status":"passed","title":"uses compact project and skill card grids","duration":0.31766599999997425,"failureMessages":[],"meta":{},"tags":[]},{"ancestorTitles":["platform functional page density contract"],"fullName":"platform functional page density contract renders challenge cards as a three-column media gallery","status":"passed","title":"renders challenge cards as a three-column media gallery","duration":0.20220799999998462,"failureMessages":[],"meta":{},"tags":[]},{"ancestorTitles":["platform functional page density contract"],"fullName":"platform functional page density contract bounds challenge documents and stacks functional pages on mobile","status":"passed","title":"bounds challenge documents and stacks functional pages on mobile","duration":0.1932909999999879,"failureMessages":[],"meta":{},"tags":[]}],"startTime":1787838139063,"endTime":1787838139065.2021,"status":"passed","message":"","name":"/Users/andydb/.codex/worktrees/322b/无线画布/app/src/styles/platform-functional-pages-layout.test.ts"},{"assertionResults":[{"ancestorTitles":[],"fullName":"Button exposes its accessible name","status":"passed","title":"Button exposes its accessible name","duration":16.204707999999982,"failureMessages":[],"meta":{},"tags":[]},{"ancestorTitles":[],"fullName":"StatusText keeps its icon decorative and its copy visible","status":"passed","title":"StatusText keeps its icon decorative and its copy visible","duration":2.609124999999949,"failureMessages":[],"meta":{},"tags":[]}],"startTime":1787838133582,"endTime":1787838133600.6091,"status":"passed","message":"","name":"/Users/andydb/.codex/worktrees/322b/无线画布/app/src/ui/ui.test.tsx"},{"assertionResults":[{"ancestorTitles":["LibTV live catalog"],"fullName":"LibTV live catalog authenticates from a non-null user in the real account envelope","status":"passed","title":"authenticates from a non-null user in the real account envelope","duration":2.4606659999999465,"failureMessages":[],"meta":{},"tags":[]},{"ancestorTitles":["LibTV live catalog"],"fullName":"LibTV live catalog does not authenticate when the real account envelope has a null user","status":"passed","title":"does not authenticate when the real account envelope has a null user","duration":2.483791999999994,"failureMessages":[],"meta":{},"tags":[]},{"ancestorTitles":["LibTV live catalog"],"fullName":"LibTV live catalog maps projectMetaList to allowlisted project summaries","status":"passed","title":"maps projectMetaList to allowlisted project summaries","duration":0.7377079999999978,"failureMessages":[],"meta":{},"tags":[]},{"ancestorTitles":["LibTV live catalog"],"fullName":"LibTV live catalog maps image matches to allowlisted model summaries","status":"passed","title":"maps image matches to allowlisted model summaries","duration":0.4099580000000742,"failureMessages":[],"meta":{},"tags":[]},{"ancestorTitles":["LibTV live catalog"],"fullName":"LibTV live catalog maps video matches to allowlisted model summaries","status":"passed","title":"maps video matches to allowlisted model summaries","duration":0.46050000000002456,"failureMessages":[],"meta":{},"tags":[]},{"ancestorTitles":["LibTV live catalog"],"fullName":"LibTV live catalog returns exactly the safe live catalog without sensitive source fields","status":"passed","title":"returns exactly the safe live catalog without sensitive source fields","duration":0.8438330000000178,"failureMessages":[],"meta":{},"tags":[]},{"ancestorTitles":["LibTV live catalog"],"fullName":"LibTV live catalog normalizes a single-line v-prefixed semantic version","status":"passed","title":"normalizes a single-line v-prefixed semantic version","duration":0.19704200000001038,"failureMessages":[],"meta":{},"tags":[]},{"ancestorTitles":["LibTV live catalog"],"fullName":"LibTV live catalog rejects an extra physical LF version line","status":"passed","title":"rejects an extra physical LF version line","duration":0.2088340000000244,"failureMessages":[],"meta":{},"tags":[]},{"ancestorTitles":["LibTV live catalog"],"fullName":"LibTV live catalog rejects an extra physical CRLF version line","status":"passed","title":"rejects an extra physical CRLF version line","duration":1.4046670000000177,"failureMessages":[],"meta":{},"tags":[]},{"ancestorTitles":["LibTV live catalog"],"fullName":"LibTV live catalog rejects multiline version output without reflecting it","status":"passed","title":"rejects multiline version output without reflecting it","duration":0.3796670000000404,"failureMessages":[],"meta":{},"tags":[]},{"ancestorTitles":["LibTV live catalog"],"fullName":"LibTV live catalog reports a precise redacted error for a malformed project envelope","status":"passed","title":"reports a precise redacted error for a malformed project envelope","duration":1.1487920000000713,"failureMessages":[],"meta":{},"tags":[]},{"ancestorTitles":["LibTV live catalog"],"fullName":"LibTV live catalog reports a redacted unavailable catalog after a CLI failure","status":"passed","title":"reports a redacted unavailable catalog after a CLI failure","duration":0.3195420000000695,"failureMessages":[],"meta":{},"tags":[]}],"startTime":1787838138232,"endTime":1787838138243.3196,"status":"passed","message":"","name":"/Users/andydb/.codex/worktrees/322b/无线画布/app/server/libtv/catalog.test.ts"},{"assertionResults":[{"ancestorTitles":["LibTV CLI runner"],"fullName":"LibTV CLI runner runs fixed argument arrays with shell disabled","status":"passed","title":"runs fixed argument arrays with shell disabled","duration":4.780583999999976,"failureMessages":[],"meta":{},"tags":[]},{"ancestorTitles":["LibTV CLI runner"],"fullName":"LibTV CLI runner keeps stdout and stderr separate","status":"passed","title":"keeps stdout and stderr separate","duration":30.918499999999995,"failureMessages":[],"meta":{},"tags":[]},{"ancestorTitles":["LibTV CLI runner"],"fullName":"LibTV CLI runner redacts the missing CLI path from ENOENT failures","status":"passed","title":"redacts the missing CLI path from ENOENT failures","duration":1.489582999999982,"failureMessages":[],"meta":{},"tags":[]},{"ancestorTitles":["LibTV CLI runner"],"fullName":"LibTV CLI runner redacts command and environment details from nonzero exits","status":"passed","title":"redacts command and environment details from nonzero exits","duration":6.625749999999982,"failureMessages":[],"meta":{},"tags":[]},{"ancestorTitles":["LibTV CLI runner"],"fullName":"LibTV CLI runner rejects output beyond two MiB","status":"passed","title":"rejects output beyond two MiB","duration":2.666416999999967,"failureMessages":[],"meta":{},"tags":[]},{"ancestorTitles":["LibTV CLI runner"],"fullName":"LibTV CLI runner settles overflow once when kill races error and close","status":"passed","title":"settles overflow once when kill races error and close","duration":2.2302500000000123,"failureMessages":[],"meta":{},"tags":[]}],"startTime":1787838136929,"endTime":1787838136978.2302,"status":"passed","message":"","name":"/Users/andydb/.codex/worktrees/322b/无线画布/app/server/libtv/cli-runner.test.ts"},{"assertionResults":[{"ancestorTitles":["LibTV generation preflight"],"fullName":"LibTV generation preflight recognizes the valid PNG content signature for image/png","status":"passed","title":"recognizes the valid PNG content signature for image/png","duration":2.6063330000000065,"failureMessages":[],"meta":{},"tags":[]},{"ancestorTitles":["LibTV generation preflight"],"fullName":"LibTV generation preflight recognizes the valid JPEG content signature for image/jpeg","status":"passed","title":"recognizes the valid JPEG content signature for image/jpeg","duration":1.1189580000000205,"failureMessages":[],"meta":{},"tags":[]},{"ancestorTitles":["LibTV generation preflight"],"fullName":"LibTV generation preflight recognizes the valid WebP content signature for image/webp","status":"passed","title":"recognizes the valid WebP content signature for image/webp","duration":2.011624999999981,"failureMessages":[],"meta":{},"tags":[]},{"ancestorTitles":["LibTV generation preflight"],"fullName":"LibTV generation preflight recognizes the valid MP4 content signature for video/mp4","status":"passed","title":"recognizes the valid MP4 content signature for video/mp4","duration":1.506208000000015,"failureMessages":[],"meta":{},"tags":[]},{"ancestorTitles":["LibTV generation preflight"],"fullName":"LibTV generation preflight recognizes the valid WebM content signature for video/webm","status":"passed","title":"recognizes the valid WebM content signature for video/webm","duration":1.1681669999999826,"failureMessages":[],"meta":{},"tags":[]},{"ancestorTitles":["LibTV generation preflight"],"fullName":"LibTV generation preflight accepts JPEG entropy with FF00 stuffing and a restart marker","status":"passed","title":"accepts JPEG entropy with FF00 stuffing and a restart marker","duration":0.6910419999999817,"failureMessages":[],"meta":{},"tags":[]},{"ancestorTitles":["LibTV generation preflight"],"fullName":"LibTV generation preflight accepts odd-sized lossless WebP chunk with padding","status":"passed","title":"accepts odd-sized lossless WebP chunk with padding","duration":0.656167000000039,"failureMessages":[],"meta":{},"tags":[]},{"ancestorTitles":["LibTV generation preflight"],"fullName":"LibTV generation preflight accepts extended WebP followed by an animation frame chunk","status":"passed","title":"accepts extended WebP followed by an animation frame chunk","duration":0.48345800000004147,"failureMessages":[],"meta":{},"tags":[]},{"ancestorTitles":["LibTV generation preflight"],"fullName":"LibTV generation preflight accepts WebM segment with an unknown size bounded by the input","status":"passed","title":"accepts WebM segment with an unknown size bounded by the input","duration":2.0488750000000095,"failureMessages":[],"meta":{},"tags":[]},{"ancestorTitles":["LibTV generation preflight"],"fullName":"LibTV generation preflight rejects PNG truncated before IEND through the executor before any runner call or workspace write","status":"passed","title":"rejects PNG truncated before IEND through the executor before any runner call or workspace write","duration":2.6801659999999856,"failureMessages":[],"meta":{},"tags":[]},{"ancestorTitles":["LibTV generation preflight"],"fullName":"LibTV generation preflight rejects PNG header-only spoof through the executor before any runner call or workspace write","status":"passed","title":"rejects PNG header-only spoof through the executor before any runner call or workspace write","duration":2.1498750000000086,"failureMessages":[],"meta":{},"tags":[]},{"ancestorTitles":["LibTV generation preflight"],"fullName":"LibTV generation preflight rejects JPEG truncated before EOI through the executor before any runner call or workspace write","status":"passed","title":"rejects JPEG truncated before EOI through the executor before any runner call or workspace write","duration":1.6302090000000362,"failureMessages":[],"meta":{},"tags":[]},{"ancestorTitles":["LibTV generation preflight"],"fullName":"LibTV generation preflight rejects JPEG marker-only spoof through the executor before any runner call or workspace write","status":"passed","title":"rejects JPEG marker-only spoof through the executor before any runner call or workspace write","duration":1.0179579999999646,"failureMessages":[],"meta":{},"tags":[]},{"ancestorTitles":["LibTV generation preflight"],"fullName":"LibTV generation preflight rejects WebP truncated payload through the executor before any runner call or workspace write","status":"passed","title":"rejects WebP truncated payload through the executor before any runner call or workspace write","duration":3.4080410000000256,"failureMessages":[],"meta":{},"tags":[]},{"ancestorTitles":["LibTV generation preflight"],"fullName":"LibTV generation preflight rejects WebP VP8X-only spoof through the executor before any runner call or workspace write","status":"passed","title":"rejects WebP VP8X-only spoof through the executor before any runner call or workspace write","duration":3.007499999999993,"failureMessages":[],"meta":{},"tags":[]},{"ancestorTitles":["LibTV generation preflight"],"fullName":"LibTV generation preflight rejects MP4 truncated before moov through the executor before any runner call or workspace write","status":"passed","title":"rejects MP4 truncated before moov through the executor before any runner call or workspace write","duration":1.4251659999999902,"failureMessages":[],"meta":{},"tags":[]},{"ancestorTitles":["LibTV generation preflight"],"fullName":"LibTV generation preflight rejects MP4 ftyp-only spoof through the executor before any runner call or workspace write","status":"passed","title":"rejects MP4 ftyp-only spoof through the executor before any runner call or workspace write","duration":1.4493750000000318,"failureMessages":[],"meta":{},"tags":[]},{"ancestorTitles":["LibTV generation preflight"],"fullName":"LibTV generation preflight rejects WebM truncated before media data through the executor before any runner call or workspace write","status":"passed","title":"rejects WebM truncated before media data through the executor before any runner call or workspace write","duration":3.131666999999993,"failureMessages":[],"meta":{},"tags":[]},{"ancestorTitles":["LibTV generation preflight"],"fullName":"LibTV generation preflight rejects WebM header-only spoof through the executor before any runner call or workspace write","status":"passed","title":"rejects WebM header-only spoof through the executor before any runner call or workspace write","duration":1.394042000000013,"failureMessages":[],"meta":{},"tags":[]},{"ancestorTitles":["LibTV generation preflight"],"fullName":"LibTV generation preflight does not recognize arbitrary bytes as the PNG content signature for image/png","status":"passed","title":"does not recognize arbitrary bytes as the PNG content signature for image/png","duration":2.299416000000008,"failureMessages":[],"meta":{},"tags":[]},{"ancestorTitles":["LibTV generation preflight"],"fullName":"LibTV generation preflight does not recognize arbitrary bytes as the JPEG content signature for image/jpeg","status":"passed","title":"does not recognize arbitrary bytes as the JPEG content signature for image/jpeg","duration":0.6629580000000033,"failureMessages":[],"meta":{},"tags":[]},{"ancestorTitles":["LibTV generation preflight"],"fullName":"LibTV generation preflight does not recognize arbitrary bytes as the WebP content signature for image/webp","status":"passed","title":"does not recognize arbitrary bytes as the WebP content signature for image/webp","duration":1.001958000000002,"failureMessages":[],"meta":{},"tags":[]},{"ancestorTitles":["LibTV generation preflight"],"fullName":"LibTV generation preflight does not recognize arbitrary bytes as the MP4 content signature for video/mp4","status":"passed","title":"does not recognize arbitrary bytes as the MP4 content signature for video/mp4","duration":0.7835000000000036,"failureMessages":[],"meta":{},"tags":[]},{"ancestorTitles":["LibTV generation preflight"],"fullName":"LibTV generation preflight does not recognize arbitrary bytes as the WebM content signature for video/webm","status":"passed","title":"does not recognize arbitrary bytes as the WebM content signature for video/webm","duration":0.5337499999999977,"failureMessages":[],"meta":{},"tags":[]},{"ancestorTitles":["LibTV generation preflight"],"fullName":"LibTV generation preflight does not advertise MP3 with ID3 as a Task 3 reference signature","status":"passed","title":"does not advertise MP3 with ID3 as a Task 3 reference signature","duration":0.7928329999999733,"failureMessages":[],"meta":{},"tags":[]},{"ancestorTitles":["LibTV generation preflight"],"fullName":"LibTV generation preflight does not advertise WAV as a Task 3 reference signature","status":"passed","title":"does not advertise WAV as a Task 3 reference signature","duration":0.49500000000000455,"failureMessages":[],"meta":{},"tags":[]},{"ancestorTitles":["LibTV generation preflight"],"fullName":"LibTV generation preflight does not advertise Ogg as a Task 3 reference signature","status":"passed","title":"does not advertise Ogg as a Task 3 reference signature","duration":0.5596669999999904,"failureMessages":[],"meta":{},"tags":[]},{"ancestorTitles":["LibTV generation preflight"],"fullName":"LibTV generation preflight rejects MP3 with ID3 through the executor before any runner call or workspace write","status":"passed","title":"rejects MP3 with ID3 through the executor before any runner call or workspace write","duration":0.9982500000000414,"failureMessages":[],"meta":{},"tags":[]},{"ancestorTitles":["LibTV generation preflight"],"fullName":"LibTV generation preflight rejects WAV through the executor before any runner call or workspace write","status":"passed","title":"rejects WAV through the executor before any runner call or workspace write","duration":0.8631670000000327,"failureMessages":[],"meta":{},"tags":[]},{"ancestorTitles":["LibTV generation preflight"],"fullName":"LibTV generation preflight rejects Ogg through the executor before any runner call or workspace write","status":"passed","title":"rejects Ogg through the executor before any runner call or workspace write","duration":0.7499579999999924,"failureMessages":[],"meta":{},"tags":[]},{"ancestorTitles":["LibTV generation preflight"],"fullName":"LibTV generation preflight rejects a remote project UUID not present in the live catalog before any CLI call","status":"passed","title":"rejects a remote project UUID not present in the live catalog before any CLI call","duration":0.824957999999981,"failureMessages":[],"meta":{},"tags":[]},{"ancestorTitles":["LibTV generation preflight"],"fullName":"LibTV generation preflight rejects a model name not present in the selected catalog before any CLI call","status":"passed","title":"rejects a model name not present in the selected catalog before any CLI call","duration":0.9307080000000383,"failureMessages":[],"meta":{},"tags":[]},{"ancestorTitles":["LibTV generation preflight"],"fullName":"LibTV generation preflight rejects a model key and name pair that does not identify the same catalog model","status":"passed","title":"rejects a model key and name pair that does not identify the same catalog model","duration":1.8437089999999898,"failureMessages":[],"meta":{},"tags":[]},{"ancestorTitles":["LibTV generation preflight"],"fullName":"LibTV generation preflight rejects a remote project display name that does not match the live catalog","status":"passed","title":"rejects a remote project display name that does not match the live catalog","duration":1.6219580000000065,"failureMessages":[],"meta":{},"tags":[]},{"ancestorTitles":["LibTV generation preflight"],"fullName":"LibTV generation preflight rejects a request with missing project id before any CLI call","status":"passed","title":"rejects a request with missing project id before any CLI call","duration":1.2029999999999745,"failureMessages":[],"meta":{},"tags":[]},{"ancestorTitles":["LibTV generation preflight"],"fullName":"LibTV generation preflight rejects a request with blank project id before any CLI call","status":"passed","title":"rejects a request with blank project id before any CLI call","duration":0.8492499999999836,"failureMessages":[],"meta":{},"tags":[]},{"ancestorTitles":["LibTV generation preflight"],"fullName":"LibTV generation preflight rejects a request with missing node id before any CLI call","status":"passed","title":"rejects a request with missing node id before any CLI call","duration":0.5520830000000387,"failureMessages":[],"meta":{},"tags":[]},{"ancestorTitles":["LibTV generation preflight"],"fullName":"LibTV generation preflight rejects a request with blank node id before any CLI call","status":"passed","title":"rejects a request with blank node id before any CLI call","duration":0.8691669999999476,"failureMessages":[],"meta":{},"tags":[]},{"ancestorTitles":["LibTV generation preflight"],"fullName":"LibTV generation preflight rejects a request with unknown operation before any CLI call","status":"passed","title":"rejects a request with unknown operation before any CLI call","duration":0.8007920000000013,"failureMessages":[],"meta":{},"tags":[]},{"ancestorTitles":["LibTV generation preflight"],"fullName":"LibTV generation preflight rejects a blank prompt before any CLI call","status":"passed","title":"rejects a blank prompt before any CLI call","duration":1.1206659999999715,"failureMessages":[],"meta":{},"tags":[]},{"ancestorTitles":["LibTV generation preflight"],"fullName":"LibTV generation preflight rejects a blank prompt before any CLI call","status":"passed","title":"rejects a blank prompt before any CLI call","duration":0.7657090000000153,"failureMessages":[],"meta":{},"tags":[]},{"ancestorTitles":["LibTV generation preflight"],"fullName":"LibTV generation preflight rejects a blank prompt before any CLI call","status":"passed","title":"rejects a blank prompt before any CLI call","duration":0.9081249999999841,"failureMessages":[],"meta":{},"tags":[]},{"ancestorTitles":["LibTV generation preflight"],"fullName":"LibTV generation preflight rejects a prompt longer than 8000 characters before any CLI call","status":"passed","title":"rejects a prompt longer than 8000 characters before any CLI call","duration":0.9877500000000055,"failureMessages":[],"meta":{},"tags":[]},{"ancestorTitles":["LibTV generation preflight"],"fullName":"LibTV generation preflight rejects more than three reference assets before any CLI call","status":"passed","title":"rejects more than three reference assets before any CLI call","duration":0.7724170000000186,"failureMessages":[],"meta":{},"tags":[]},{"ancestorTitles":["LibTV generation preflight"],"fullName":"LibTV generation preflight rejects a non-Data URL reference before any CLI call","status":"passed","title":"rejects a non-Data URL reference before any CLI call","duration":1.1243749999999864,"failureMessages":[],"meta":{},"tags":[]},{"ancestorTitles":["LibTV generation preflight"],"fullName":"LibTV generation preflight rejects an unsupported reference MIME type before any CLI call","status":"passed","title":"rejects an unsupported reference MIME type before any CLI call","duration":0.7540829999999801,"failureMessages":[],"meta":{},"tags":[]},{"ancestorTitles":["LibTV generation preflight"],"fullName":"LibTV generation preflight rejects a decoded reference larger than 20 MiB before any CLI call","status":"passed","title":"rejects a decoded reference larger than 20 MiB before any CLI call","duration":53.78445799999997,"failureMessages":[],"meta":{},"tags":[]},{"ancestorTitles":["LibTV generation preflight"],"fullName":"LibTV generation preflight rejects PNG content whose decoded signature contradicts image/png before any write","status":"passed","title":"rejects PNG content whose decoded signature contradicts image/png before any write","duration":1.3614580000000274,"failureMessages":[],"meta":{},"tags":[]},{"ancestorTitles":["LibTV generation preflight"],"fullName":"LibTV generation preflight rejects JPEG content whose decoded signature contradicts image/jpeg before any write","status":"passed","title":"rejects JPEG content whose decoded signature contradicts image/jpeg before any write","duration":1.0518749999999955,"failureMessages":[],"meta":{},"tags":[]},{"ancestorTitles":["LibTV generation preflight"],"fullName":"LibTV generation preflight rejects WebP content whose decoded signature contradicts image/webp before any write","status":"passed","title":"rejects WebP content whose decoded signature contradicts image/webp before any write","duration":0.8216249999999832,"failureMessages":[],"meta":{},"tags":[]},{"ancestorTitles":["LibTV generation preflight"],"fullName":"LibTV generation preflight rejects MP4 content whose decoded signature contradicts video/mp4 before any write","status":"passed","title":"rejects MP4 content whose decoded signature contradicts video/mp4 before any write","duration":0.6299580000000446,"failureMessages":[],"meta":{},"tags":[]},{"ancestorTitles":["LibTV generation preflight"],"fullName":"LibTV generation preflight rejects WebM content whose decoded signature contradicts video/webm before any write","status":"passed","title":"rejects WebM content whose decoded signature contradicts video/webm before any write","duration":1.682875000000024,"failureMessages":[],"meta":{},"tags":[]},{"ancestorTitles":["LibTV generation preflight"],"fullName":"LibTV generation preflight rejects video generation with two image references before any CLI call","status":"passed","title":"rejects video generation with two image references before any CLI call","duration":1.0235829999999737,"failureMessages":[],"meta":{},"tags":[]},{"ancestorTitles":["LibTV generation preflight"],"fullName":"LibTV generation preflight rejects video generation with an audio reference before any CLI call","status":"passed","title":"rejects video generation with an audio reference before any CLI call","duration":1.2847919999999817,"failureMessages":[],"meta":{},"tags":[]},{"ancestorTitles":["LibTV generation preflight"],"fullName":"LibTV generation preflight rejects video generation with a mismatched image MIME before any CLI call","status":"passed","title":"rejects video generation with a mismatched image MIME before any CLI call","duration":0.9502910000000497,"failureMessages":[],"meta":{},"tags":[]},{"ancestorTitles":["LibTV generation preflight"],"fullName":"LibTV generation preflight requires confirmed to be the literal true before any CLI call","status":"passed","title":"requires confirmed to be the literal true before any CLI call","duration":1.278250000000014,"failureMessages":[],"meta":{},"tags":[]},{"ancestorTitles":["LibTV generation commands and temporary files"],"fullName":"LibTV generation commands and temporary files keeps accepting a valid PNG signature and uses its safe extension","status":"passed","title":"keeps accepting a valid PNG signature and uses its safe extension","duration":5.911999999999978,"failureMessages":[],"meta":{},"tags":[]},{"ancestorTitles":["LibTV generation commands and temporary files"],"fullName":"LibTV generation commands and temporary files keeps accepting a valid JPEG signature and uses its safe extension","status":"passed","title":"keeps accepting a valid JPEG signature and uses its safe extension","duration":4.712584000000049,"failureMessages":[],"meta":{},"tags":[]},{"ancestorTitles":["LibTV generation commands and temporary files"],"fullName":"LibTV generation commands and temporary files keeps accepting a valid WebP signature and uses its safe extension","status":"passed","title":"keeps accepting a valid WebP signature and uses its safe extension","duration":3.390042000000051,"failureMessages":[],"meta":{},"tags":[]},{"ancestorTitles":["LibTV generation commands and temporary files"],"fullName":"LibTV generation commands and temporary files keeps accepting a valid MP4 signature and uses its safe extension","status":"passed","title":"keeps accepting a valid MP4 signature and uses its safe extension","duration":4.166667000000018,"failureMessages":[],"meta":{},"tags":[]},{"ancestorTitles":["LibTV generation commands and temporary files"],"fullName":"LibTV generation commands and temporary files keeps accepting a valid WebM signature and uses its safe extension","status":"passed","title":"keeps accepting a valid WebM signature and uses its safe extension","duration":3.755375000000072,"failureMessages":[],"meta":{},"tags":[]},{"ancestorTitles":["LibTV generation commands and temporary files"],"fullName":"LibTV generation commands and temporary files uploads a PNG sequentially then creates an image node with the official argument order","status":"passed","title":"uploads a PNG sequentially then creates an image node with the official argument order","duration":9.338333000000034,"failureMessages":[],"meta":{},"tags":[]},{"ancestorTitles":["LibTV generation commands and temporary files"],"fullName":"LibTV generation commands and temporary files creates a video node for the supported text2video mode","status":"passed","title":"creates a video node for the supported text2video mode","duration":1.2200419999999212,"failureMessages":[],"meta":{},"tags":[]},{"ancestorTitles":["LibTV generation commands and temporary files"],"fullName":"LibTV generation commands and temporary files creates a video node for the supported singleImage2video mode","status":"passed","title":"creates a video node for the supported singleImage2video mode","duration":2.182666999999924,"failureMessages":[],"meta":{},"tags":[]},{"ancestorTitles":["LibTV generation commands and temporary files"],"fullName":"LibTV generation commands and temporary files creates a video node for the supported video2video mode","status":"passed","title":"creates a video node for the supported video2video mode","duration":2.0819999999999936,"failureMessages":[],"meta":{},"tags":[]},{"ancestorTitles":["LibTV generation commands and temporary files"],"fullName":"LibTV generation commands and temporary files removes the exact temporary directory after an upload failure","status":"passed","title":"removes the exact temporary directory after an upload failure","duration":2.6595420000001013,"failureMessages":[],"meta":{},"tags":[]},{"ancestorTitles":["LibTV generation commands and temporary files"],"fullName":"LibTV generation commands and temporary files retries one transient cleanup failure and removes the same exact directory","status":"passed","title":"retries one transient cleanup failure and removes the same exact directory","duration":3.646833000000015,"failureMessages":[],"meta":{},"tags":[]},{"ancestorTitles":["LibTV generation commands and temporary files"],"fullName":"LibTV generation commands and temporary files bounds persistent cleanup failure and returns only a fixed redacted error","status":"passed","title":"bounds persistent cleanup failure and returns only a fixed redacted error","duration":2.108082999999965,"failureMessages":[],"meta":{},"tags":[]},{"ancestorTitles":["LibTV generation output parsing"],"fullName":"LibTV generation output parsing maps only allowlisted optional output metadata","status":"passed","title":"maps only allowlisted optional output metadata","duration":0.6789590000000771,"failureMessages":[],"meta":{},"tags":[]},{"ancestorTitles":["LibTV generation output parsing"],"fullName":"LibTV generation output parsing rejects non-JSON output without leaking output or request details","status":"passed","title":"rejects non-JSON output without leaking output or request details","duration":1.0439999999999827,"failureMessages":[],"meta":{},"tags":[]},{"ancestorTitles":["LibTV generation output parsing"],"fullName":"LibTV generation output parsing rejects an empty URL array without leaking output or request details","status":"passed","title":"rejects an empty URL array without leaking output or request details","duration":0.7550840000000107,"failureMessages":[],"meta":{},"tags":[]},{"ancestorTitles":["LibTV generation output parsing"],"fullName":"LibTV generation output parsing rejects a Data URL result without leaking output or request details","status":"passed","title":"rejects a Data URL result without leaking output or request details","duration":0.674082999999996,"failureMessages":[],"meta":{},"tags":[]},{"ancestorTitles":["LibTV generation output parsing"],"fullName":"LibTV generation output parsing rejects a mismatched output kind without leaking output or request details","status":"passed","title":"rejects a mismatched output kind without leaking output or request details","duration":0.9754580000000033,"failureMessages":[],"meta":{},"tags":[]},{"ancestorTitles":["LibTV generation output parsing"],"fullName":"LibTV generation output parsing redacts a CLI failure without exposing arguments or raw error output","status":"passed","title":"redacts a CLI failure without exposing arguments or raw error output","duration":0.7379999999999427,"failureMessages":[],"meta":{},"tags":[]}],"startTime":1787838130363,"endTime":1787838130538.738,"status":"passed","message":"","name":"/Users/andydb/.codex/worktrees/322b/无线画布/app/server/libtv/generation-command.test.ts"},{"assertionResults":[{"ancestorTitles":["LibTV HTTP handler"],"fullName":"LibTV HTTP handler returns only allowlisted catalog fields with no-store caching","status":"passed","title":"returns only allowlisted catalog fields with no-store caching","duration":22.86395799999997,"failureMessages":[],"meta":{},"tags":[]},{"ancestorTitles":["LibTV HTTP handler"],"fullName":"LibTV HTTP handler returns 405 for /api/libtv/catalog with the wrong method","status":"passed","title":"returns 405 for /api/libtv/catalog with the wrong method","duration":0.48229099999997516,"failureMessages":[],"meta":{},"tags":[]},{"ancestorTitles":["LibTV HTTP handler"],"fullName":"LibTV HTTP handler returns 405 for /api/libtv/generate with the wrong method","status":"passed","title":"returns 405 for /api/libtv/generate with the wrong method","duration":0.3105419999999981,"failureMessages":[],"meta":{},"tags":[]},{"ancestorTitles":["LibTV HTTP handler"],"fullName":"LibTV HTTP handler delegates an unknown path without loading catalog or running the CLI","status":"passed","title":"delegates an unknown path without loading catalog or running the CLI","duration":0.4199169999999981,"failureMessages":[],"meta":{},"tags":[]},{"ancestorTitles":["LibTV HTTP handler"],"fullName":"LibTV HTTP handler rejects generation while writes are disabled before any dependency call","status":"passed","title":"rejects generation while writes are disabled before any dependency call","duration":0.5714580000000069,"failureMessages":[],"meta":{},"tags":[]},{"ancestorTitles":["LibTV HTTP handler"],"fullName":"LibTV HTTP handler requires application/json before reading the body","status":"passed","title":"requires application/json before reading the body","duration":0.5592909999999733,"failureMessages":[],"meta":{},"tags":[]},{"ancestorTitles":["LibTV HTTP handler"],"fullName":"LibTV HTTP handler rejects unsupported or extra JSON media type parameters: application/json; charset=iso-8859-1","status":"passed","title":"rejects unsupported or extra JSON media type parameters: application/json; charset=iso-8859-1","duration":0.4372500000000059,"failureMessages":[],"meta":{},"tags":[]},{"ancestorTitles":["LibTV HTTP handler"],"fullName":"LibTV HTTP handler rejects unsupported or extra JSON media type parameters: application/json; charset","status":"passed","title":"rejects unsupported or extra JSON media type parameters: application/json; charset","duration":0.27591699999999264,"failureMessages":[],"meta":{},"tags":[]},{"ancestorTitles":["LibTV HTTP handler"],"fullName":"LibTV HTTP handler rejects unsupported or extra JSON media type parameters: application/json; profile=example","status":"passed","title":"rejects unsupported or extra JSON media type parameters: application/json; profile=example","duration":0.5992499999999836,"failureMessages":[],"meta":{},"tags":[]},{"ancestorTitles":["LibTV HTTP handler"],"fullName":"LibTV HTTP handler rejects unsupported or extra JSON media type parameters: application/json; charset=utf-8; profile=example","status":"passed","title":"rejects unsupported or extra JSON media type parameters: application/json; charset=utf-8; profile=example","duration":0.4834579999999846,"failureMessages":[],"meta":{},"tags":[]},{"ancestorTitles":["LibTV HTTP handler"],"fullName":"LibTV HTTP handler rejects unsupported or extra JSON media type parameters: application/json; charset=utf-8; charset=utf-8","status":"passed","title":"rejects unsupported or extra JSON media type parameters: application/json; charset=utf-8; charset=utf-8","duration":0.25037500000001955,"failureMessages":[],"meta":{},"tags":[]},{"ancestorTitles":["LibTV HTTP handler"],"fullName":"LibTV HTTP handler accepts only bare JSON or one UTF-8 charset parameter: application/json","status":"passed","title":"accepts only bare JSON or one UTF-8 charset parameter: application/json","duration":4.647458999999969,"failureMessages":[],"meta":{},"tags":[]},{"ancestorTitles":["LibTV HTTP handler"],"fullName":"LibTV HTTP handler accepts only bare JSON or one UTF-8 charset parameter: Application/JSON; Charset=UTF-8","status":"passed","title":"accepts only bare JSON or one UTF-8 charset parameter: Application/JSON; Charset=UTF-8","duration":0.289291999999989,"failureMessages":[],"meta":{},"tags":[]},{"ancestorTitles":["LibTV HTTP handler"],"fullName":"LibTV HTTP handler accepts only bare JSON or one UTF-8 charset parameter: application/json ; charset = utf-8","status":"passed","title":"accepts only bare JSON or one UTF-8 charset parameter: application/json ; charset = utf-8","duration":0.14258399999999938,"failureMessages":[],"meta":{},"tags":[]},{"ancestorTitles":["LibTV HTTP handler"],"fullName":"LibTV HTTP handler fast-rejects an oversized Content-Length before pulling the body stream","status":"passed","title":"fast-rejects an oversized Content-Length before pulling the body stream","duration":0.3932079999999587,"failureMessages":[],"meta":{},"tags":[]},{"ancestorTitles":["LibTV HTTP handler"],"fullName":"LibTV HTTP handler rejects a negative Content-Length before consuming the body","status":"passed","title":"rejects a negative Content-Length before consuming the body","duration":0.4158339999999612,"failureMessages":[],"meta":{},"tags":[]},{"ancestorTitles":["LibTV HTTP handler"],"fullName":"LibTV HTTP handler rejects a overflowing Content-Length before consuming the body","status":"passed","title":"rejects a overflowing Content-Length before consuming the body","duration":0.15999999999996817,"failureMessages":[],"meta":{},"tags":[]},{"ancestorTitles":["LibTV HTTP handler"],"fullName":"LibTV HTTP handler rejects duplicate Content-Length values before consuming the body","status":"passed","title":"rejects duplicate Content-Length values before consuming the body","duration":0.21295800000001464,"failureMessages":[],"meta":{},"tags":[]},{"ancestorTitles":["LibTV HTTP handler"],"fullName":"LibTV HTTP handler stops a chunked body once streamed bytes exceed 90 MiB","status":"passed","title":"stops a chunked body once streamed bytes exceed 90 MiB","duration":2.2508750000000077,"failureMessages":[],"meta":{},"tags":[]},{"ancestorTitles":["LibTV HTTP handler"],"fullName":"LibTV HTTP handler does not retain one object per single-byte request chunk","status":"passed","title":"does not retain one object per single-byte request chunk","duration":5.7369580000000155,"failureMessages":[],"meta":{},"tags":[]},{"ancestorTitles":["LibTV HTTP handler"],"fullName":"LibTV HTTP handler ignores zero-length request chunks instead of retaining them","status":"passed","title":"ignores zero-length request chunks instead of retaining them","duration":4.579499999999996,"failureMessages":[],"meta":{},"tags":[]},{"ancestorTitles":["LibTV HTTP handler"],"fullName":"LibTV HTTP handler returns a fixed structured error for malformed JSON without leaking input","status":"passed","title":"returns a fixed structured error for malformed JSON without leaking input","duration":0.4141249999999559,"failureMessages":[],"meta":{},"tags":[]},{"ancestorTitles":["LibTV HTTP handler"],"fullName":"LibTV HTTP handler returns only allowlisted generated asset fields on success","status":"passed","title":"returns only allowlisted generated asset fields on success","duration":1.0543749999999932,"failureMessages":[],"meta":{},"tags":[]},{"ancestorTitles":["LibTV HTTP handler"],"fullName":"LibTV HTTP handler maps unexpected dependency failures to a fixed 500 without leaking details","status":"passed","title":"maps unexpected dependency failures to a fixed 500 without leaking details","duration":1.2225420000000327,"failureMessages":[],"meta":{},"tags":[]}],"startTime":1787838134223,"endTime":1787838134273.2227,"status":"passed","message":"","name":"/Users/andydb/.codex/worktrees/322b/无线画布/app/server/libtv/http-handler.test.ts"},{"assertionResults":[{"ancestorTitles":["LibTV Vite bridge plugin"],"fullName":"LibTV Vite bridge plugin creates the default libtv runner once and installs one shared middleware for dev and preview","status":"passed","title":"creates the default libtv runner once and installs one shared middleware for dev and preview","duration":6.157000000000011,"failureMessages":[],"meta":{},"tags":[]},{"ancestorTitles":["LibTV Vite bridge plugin"],"fullName":"LibTV Vite bridge plugin delegates non-API paths to the next middleware","status":"passed","title":"delegates non-API paths to the next middleware","duration":0.755457999999976,"failureMessages":[],"meta":{},"tags":[]},{"ancestorTitles":["LibTV Vite bridge plugin"],"fullName":"LibTV Vite bridge plugin does not disturb the raw request body for 'an unknown LibTV path'","status":"passed","title":"does not disturb the raw request body for 'an unknown LibTV path'","duration":0.2854159999999979,"failureMessages":[],"meta":{},"tags":[]},{"ancestorTitles":["LibTV Vite bridge plugin"],"fullName":"LibTV Vite bridge plugin does not disturb the raw request body for 'a method rejected with 405'","status":"passed","title":"does not disturb the raw request body for 'a method rejected with 405'","duration":26.88500000000002,"failureMessages":[],"meta":{},"tags":[]},{"ancestorTitles":["LibTV Vite bridge plugin"],"fullName":"LibTV Vite bridge plugin does not disturb the raw request body for 'a writes-disabled generation'","status":"passed","title":"does not disturb the raw request body for 'a writes-disabled generation'","duration":0.4703330000000392,"failureMessages":[],"meta":{},"tags":[]},{"ancestorTitles":["LibTV Vite bridge plugin"],"fullName":"LibTV Vite bridge plugin does not disturb the raw request body for 'an unsupported content type'","status":"passed","title":"does not disturb the raw request body for 'an unsupported content type'","duration":0.5899589999999648,"failureMessages":[],"meta":{},"tags":[]},{"ancestorTitles":["LibTV Vite bridge plugin"],"fullName":"LibTV Vite bridge plugin does not disturb the raw request body for 'a known oversized Content-Length'","status":"passed","title":"does not disturb the raw request body for 'a known oversized Content-Length'","duration":0.3729579999999828,"failureMessages":[],"meta":{},"tags":[]},{"ancestorTitles":["LibTV Vite bridge plugin"],"fullName":"LibTV Vite bridge plugin handles catalog in middleware with no-store and no wildcard CORS","status":"passed","title":"handles catalog in middleware with no-store and no wildcard CORS","duration":1.4900420000000167,"failureMessages":[],"meta":{},"tags":[]},{"ancestorTitles":["LibTV Vite bridge plugin"],"fullName":"LibTV Vite bridge plugin keeps writes disabled unless the environment value is exactly 1 (undefined)","status":"passed","title":"keeps writes disabled unless the environment value is exactly 1 (undefined)","duration":1.5720419999999535,"failureMessages":[],"meta":{},"tags":[]},{"ancestorTitles":["LibTV Vite bridge plugin"],"fullName":"LibTV Vite bridge plugin keeps writes disabled unless the environment value is exactly 1 ()","status":"passed","title":"keeps writes disabled unless the environment value is exactly 1 ()","duration":6.9440420000000245,"failureMessages":[],"meta":{},"tags":[]},{"ancestorTitles":["LibTV Vite bridge plugin"],"fullName":"LibTV Vite bridge plugin keeps writes disabled unless the environment value is exactly 1 (true)","status":"passed","title":"keeps writes disabled unless the environment value is exactly 1 (true)","duration":1.5279580000000124,"failureMessages":[],"meta":{},"tags":[]},{"ancestorTitles":["LibTV Vite bridge plugin"],"fullName":"LibTV Vite bridge plugin keeps writes disabled unless the environment value is exactly 1 (01)","status":"passed","title":"keeps writes disabled unless the environment value is exactly 1 (01)","duration":3.1025000000000205,"failureMessages":[],"meta":{},"tags":[]},{"ancestorTitles":["LibTV Vite bridge plugin"],"fullName":"LibTV Vite bridge plugin keeps writes disabled unless the environment value is exactly 1 (TRUE)","status":"passed","title":"keeps writes disabled unless the environment value is exactly 1 (TRUE)","duration":1.179708000000005,"failureMessages":[],"meta":{},"tags":[]},{"ancestorTitles":["LibTV Vite bridge plugin"],"fullName":"LibTV Vite bridge plugin enables writes only for an exact environment value of 1","status":"passed","title":"enables writes only for an exact environment value of 1","duration":9.863332999999955,"failureMessages":[],"meta":{},"tags":[]},{"ancestorTitles":["LibTV Vite bridge plugin"],"fullName":"LibTV Vite bridge plugin maps raw aborted with complete=true to signal.aborted=true and removes its listener","status":"passed","title":"maps raw aborted with complete=true to signal.aborted=true and removes its listener","duration":1.7213749999999663,"failureMessages":[],"meta":{},"tags":[]},{"ancestorTitles":["LibTV Vite bridge plugin"],"fullName":"LibTV Vite bridge plugin maps raw close with complete=false to signal.aborted=true and removes its listener","status":"passed","title":"maps raw close with complete=false to signal.aborted=true and removes its listener","duration":3.176832999999988,"failureMessages":[],"meta":{},"tags":[]},{"ancestorTitles":["LibTV Vite bridge plugin"],"fullName":"LibTV Vite bridge plugin maps raw close with complete=true to signal.aborted=false and removes its listener","status":"passed","title":"maps raw close with complete=true to signal.aborted=false and removes its listener","duration":1.03937499999995,"failureMessages":[],"meta":{},"tags":[]},{"ancestorTitles":["LibTV Vite bridge plugin"],"fullName":"LibTV Vite bridge plugin preserves multiple Set-Cookie response values as a header array","status":"passed","title":"preserves multiple Set-Cookie response values as a header array","duration":7.540708999999993,"failureMessages":[],"meta":{},"tags":[]},{"ancestorTitles":["LibTV Vite bridge plugin"],"fullName":"LibTV Vite bridge plugin maps asynchronous bridge failures to a fixed response without leaking details","status":"passed","title":"maps asynchronous bridge failures to a fixed response without leaking details","duration":0.909417000000019,"failureMessages":[],"meta":{},"tags":[]}],"startTime":1787838134615,"endTime":1787838134690.9094,"status":"passed","message":"","name":"/Users/andydb/.codex/worktrees/322b/无线画布/app/server/libtv/vite-plugin.test.ts"},{"assertionResults":[{"ancestorTitles":["workspace HTTP handler"],"fullName":"workspace HTTP handler returns the no-store manifest in the shared success envelope","status":"passed","title":"returns the no-store manifest in the shared success envelope","duration":16.923709000000002,"failureMessages":[],"meta":{},"tags":[]},{"ancestorTitles":["workspace HTTP handler"],"fullName":"workspace HTTP handler executes a command and returns a versioned data envelope","status":"passed","title":"executes a command and returns a versioned data envelope","duration":13.704791999999998,"failureMessages":[],"meta":{},"tags":[]},{"ancestorTitles":["workspace HTTP handler"],"fullName":"workspace HTTP handler normalizes method errors for /api/workspace/manifest","status":"passed","title":"normalizes method errors for /api/workspace/manifest","duration":0.8423750000000041,"failureMessages":[],"meta":{},"tags":[]},{"ancestorTitles":["workspace HTTP handler"],"fullName":"workspace HTTP handler normalizes method errors for /api/workspace/execute","status":"passed","title":"normalizes method errors for /api/workspace/execute","duration":0.8344999999999914,"failureMessages":[],"meta":{},"tags":[]},{"ancestorTitles":["workspace HTTP handler"],"fullName":"workspace HTTP handler returns a schema envelope for 'unsupported media type'","status":"passed","title":"returns a schema envelope for 'unsupported media type'","duration":1.4807079999999928,"failureMessages":[],"meta":{},"tags":[]},{"ancestorTitles":["workspace HTTP handler"],"fullName":"workspace HTTP handler returns a schema envelope for 'invalid JSON'","status":"passed","title":"returns a schema envelope for 'invalid JSON'","duration":1.2294170000000122,"failureMessages":[],"meta":{},"tags":[]},{"ancestorTitles":["workspace HTTP handler"],"fullName":"workspace HTTP handler returns a schema envelope for 'invalid envelope'","status":"passed","title":"returns a schema envelope for 'invalid envelope'","duration":0.8968749999999943,"failureMessages":[],"meta":{},"tags":[]},{"ancestorTitles":["workspace HTTP handler"],"fullName":"workspace HTTP handler delegates unknown paths without executing anything","status":"passed","title":"delegates unknown paths without executing anything","duration":0.2728749999999991,"failureMessages":[],"meta":{},"tags":[]}],"startTime":1787838135071,"endTime":1787838135107.273,"status":"passed","message":"","name":"/Users/andydb/.codex/worktrees/322b/无线画布/app/server/workspace/http-handler.test.ts"},{"assertionResults":[{"ancestorTitles":["workspace CLI Vite bridge"],"fullName":"workspace CLI Vite bridge installs one shared middleware for dev and preview","status":"passed","title":"installs one shared middleware for dev and preview","duration":1.0374999999999943,"failureMessages":[],"meta":{},"tags":[]},{"ancestorTitles":["workspace CLI Vite bridge"],"fullName":"workspace CLI Vite bridge serves the manifest and delegates unknown paths","status":"passed","title":"serves the manifest and delegates unknown paths","duration":18.003083000000004,"failureMessages":[],"meta":{},"tags":[]}],"startTime":1787838135023,"endTime":1787838135042.0032,"status":"passed","message":"","name":"/Users/andydb/.codex/worktrees/322b/无线画布/app/server/workspace/vite-plugin.test.ts"},{"assertionResults":[{"ancestorTitles":["local workspace command manifest"],"fullName":"local workspace command manifest publishes four versioned commands with stable schema ids","status":"passed","title":"publishes four versioned commands with stable schema ids","duration":2.2390000000000043,"failureMessages":[],"meta":{},"tags":[]},{"ancestorTitles":["local workspace command execution"],"fullName":"local workspace command execution exports and validates a project JSON document without persistence","status":"passed","title":"exports and validates a project JSON document without persistence","duration":5.89862500000001,"failureMessages":[],"meta":{},"tags":[]},{"ancestorTitles":["local workspace command execution"],"fullName":"local workspace command execution exports an asset manifest with deterministic references","status":"passed","title":"exports an asset manifest with deterministic references","duration":0.3483750000000043,"failureMessages":[],"meta":{},"tags":[]},{"ancestorTitles":["local workspace command execution"],"fullName":"local workspace command execution exports timeline EDL using the shared professional timeline serializer","status":"passed","title":"exports timeline EDL using the shared professional timeline serializer","duration":0.4904579999999896,"failureMessages":[],"meta":{},"tags":[]},{"ancestorTitles":["local workspace command execution"],"fullName":"local workspace command execution returns normalized errors for unknown commands and invalid input","status":"passed","title":"returns normalized errors for unknown commands and invalid input","duration":0.1995420000000081,"failureMessages":[],"meta":{},"tags":[]}],"startTime":1787838137297,"endTime":1787838137306.4905,"status":"passed","message":"","name":"/Users/andydb/.codex/worktrees/322b/无线画布/app/server/workspace/workspace-command.test.ts"},{"assertionResults":[{"ancestorTitles":["Agents page"],"fullName":"Agents page uses the real registry in the Skill selector and disables unconfigured models","status":"passed","title":"uses the real registry in the Skill selector and disables unconfigured models","duration":73.44870900000001,"failureMessages":[],"meta":{},"tags":[]},{"ancestorTitles":["Agents page"],"fullName":"Agents page shows Liblib-style Skill cards and filters them by category and search","status":"passed","title":"shows Liblib-style Skill cards and filters them by category and search","duration":107.35075000000006,"failureMessages":[],"meta":{},"tags":[]},{"ancestorTitles":["Agents page"],"fullName":"Agents page orders the instruction box, local browse tabs, and catalog tools without faking remote data","status":"passed","title":"orders the instruction box, local browse tabs, and catalog tools without faking remote data","duration":85.95691699999998,"failureMessages":[],"meta":{},"tags":[]},{"ancestorTitles":["Agents page"],"fullName":"Agents page selects a compact card and focuses its independent run panel","status":"passed","title":"selects a compact card and focuses its independent run panel","duration":44.32929100000001,"failureMessages":[],"meta":{},"tags":[]},{"ancestorTitles":["Agents page"],"fullName":"Agents page browses five local skills and persists enable/disable controls","status":"passed","title":"browses five local skills and persists enable/disable controls","duration":83.06387500000005,"failureMessages":[],"meta":{},"tags":[]},{"ancestorTitles":["Agents page"],"fullName":"Agents page executes a skill, displays a result card and writes it into a canvas node","status":"passed","title":"executes a skill, displays a result card and writes it into a canvas node","duration":133.387875,"failureMessages":[],"meta":{},"tags":[]},{"ancestorTitles":["Agents page"],"fullName":"Agents page shows the same-origin workspace CLI manifest without executing a command","status":"passed","title":"shows the same-origin workspace CLI manifest without executing a command","duration":16.354458000000022,"failureMessages":[],"meta":{},"tags":[]},{"ancestorTitles":["Agents page"],"fullName":"Agents page cancels one asynchronous skill and blocks cross-skill duplicate execution","status":"passed","title":"cancels one asynchronous skill and blocks cross-skill duplicate execution","duration":122.43229199999996,"failureMessages":[],"meta":{},"tags":[]}],"startTime":1787838129315,"endTime":1787838129981.4324,"status":"passed","message":"","name":"/Users/andydb/.codex/worktrees/322b/无线画布/app/src/features/agent/AgentsPage.test.tsx"},{"assertionResults":[{"ancestorTitles":["Agent skill registry"],"fullName":"Agent skill registry registers definitions and executes validated input with defaults","status":"passed","title":"registers definitions and executes validated input with defaults","duration":2.5577499999999986,"failureMessages":[],"meta":{},"tags":[]},{"ancestorTitles":["Agent skill registry"],"fullName":"Agent skill registry rejects duplicate ids, unknown fields, missing fields and out-of-range values","status":"passed","title":"rejects duplicate ids, unknown fields, missing fields and out-of-range values","duration":2.2484999999999786,"failureMessages":[],"meta":{},"tags":[]},{"ancestorTitles":["Agent skill registry"],"fullName":"Agent skill registry rejects malformed plugin output with a stable output error","status":"passed","title":"rejects malformed plugin output with a stable output error","duration":0.4350000000000023,"failureMessages":[],"meta":{},"tags":[]},{"ancestorTitles":["Agent skill registry"],"fullName":"Agent skill registry discards an asynchronous result when its signal is cancelled","status":"passed","title":"discards an asynchronous result when its signal is cancelled","duration":0.6264579999999569,"failureMessages":[],"meta":{},"tags":[]},{"ancestorTitles":["skill enablement store"],"fullName":"skill enablement store defaults all registered skills to enabled and persists explicit changes","status":"passed","title":"defaults all registered skills to enabled and persists explicit changes","duration":0.5587090000000217,"failureMessages":[],"meta":{},"tags":[]},{"ancestorTitles":["skill enablement store"],"fullName":"skill enablement store ignores malformed and stale stored ids","status":"passed","title":"ignores malformed and stale stored ids","duration":0.1775840000000244,"failureMessages":[],"meta":{},"tags":[]}],"startTime":1787838138648,"endTime":1787838138655.5586,"status":"passed","message":"","name":"/Users/andydb/.codex/worktrees/322b/无线画布/app/src/features/agent/agent-skill.test.ts"},{"assertionResults":[{"ancestorTitles":["built-in local Agent skills"],"fullName":"built-in local Agent skills exposes five unique deterministic skills","status":"passed","title":"exposes five unique deterministic skills","duration":2.0347919999999817,"failureMessages":[],"meta":{},"tags":[]},{"ancestorTitles":["built-in local Agent skills"],"fullName":"built-in local Agent skills builds a requested batch of storyboard prompts","status":"passed","title":"builds a requested batch of storyboard prompts","duration":0.6940840000000321,"failureMessages":[],"meta":{},"tags":[]},{"ancestorTitles":["built-in local Agent skills"],"fullName":"built-in local Agent skills reports assets by kind and identifies orphan assets","status":"passed","title":"reports assets by kind and identifies orphan assets","duration":0.38133400000003803,"failureMessages":[],"meta":{},"tags":[]},{"ancestorTitles":["built-in local Agent skills"],"fullName":"built-in local Agent skills calculates duration from the professional timeline when supplied","status":"passed","title":"calculates duration from the professional timeline when supplied","duration":0.6120420000000308,"failureMessages":[],"meta":{},"tags":[]},{"ancestorTitles":["built-in local Agent skills"],"fullName":"built-in local Agent skills generates local publishing copy from explicit tone and highlights","status":"passed","title":"generates local publishing copy from explicit tone and highlights","duration":0.49274999999994407,"failureMessages":[],"meta":{},"tags":[]},{"ancestorTitles":["built-in local Agent skills"],"fullName":"built-in local Agent skills checks backup risks without accessing files or cloud state","status":"passed","title":"checks backup risks without accessing files or cloud state","duration":0.2932920000000081,"failureMessages":[],"meta":{},"tags":[]}],"startTime":1787838137098,"endTime":1787838137103.2932,"status":"passed","message":"","name":"/Users/andydb/.codex/worktrees/322b/无线画布/app/src/features/agent/builtin-skills.test.ts"},{"assertionResults":[{"ancestorTitles":["Agent skill plugin loading point"],"fullName":"Agent skill plugin loading point loads built-ins before explicitly supplied local plugin skills","status":"passed","title":"loads built-ins before explicitly supplied local plugin skills","duration":1.4671670000000177,"failureMessages":[],"meta":{},"tags":[]},{"ancestorTitles":["Agent skill plugin loading point"],"fullName":"Agent skill plugin loading point rejects duplicate plugin ids and duplicate skill ids","status":"passed","title":"rejects duplicate plugin ids and duplicate skill ids","duration":0.45958299999995234,"failureMessages":[],"meta":{},"tags":[]}],"startTime":1787838137689,"endTime":1787838137691.4595,"status":"passed","message":"","name":"/Users/andydb/.codex/worktrees/322b/无线画布/app/src/features/agent/skill-loader.test.ts"},{"assertionResults":[{"ancestorTitles":[],"fullName":"appends a non-destructive text node to the right of existing canvas content","status":"passed","title":"appends a non-destructive text node to the right of existing canvas content","duration":5.115625000000023,"failureMessages":[],"meta":{},"tags":[]}],"startTime":1787838138267,"endTime":1787838138272.1157,"status":"passed","message":"","name":"/Users/andydb/.codex/worktrees/322b/无线画布/app/src/features/agent/skill-result-node.test.ts"},{"assertionResults":[{"ancestorTitles":["workspace manifest client"],"fullName":"workspace manifest client reads and normalizes the same-origin versioned manifest","status":"passed","title":"reads and normalizes the same-origin versioned manifest","duration":4.008749999999964,"failureMessages":[],"meta":{},"tags":[]},{"ancestorTitles":["workspace manifest client"],"fullName":"workspace manifest client returns one safe error for an unavailable response","status":"passed","title":"returns one safe error for an unavailable response","duration":1.1341249999999263,"failureMessages":[],"meta":{},"tags":[]},{"ancestorTitles":["workspace manifest client"],"fullName":"workspace manifest client returns one safe error for an invalid envelope","status":"passed","title":"returns one safe error for an invalid envelope","duration":0.3407919999999649,"failureMessages":[],"meta":{},"tags":[]}],"startTime":1787838136629,"endTime":1787838136634.3408,"status":"passed","message":"","name":"/Users/andydb/.codex/worktrees/322b/无线画布/app/src/features/agent/workspace-manifest-client.test.ts"},{"assertionResults":[{"ancestorTitles":["AssetDeleteDialog"],"fullName":"AssetDeleteDialog focuses Cancel and Escape restores the exact trigger focus","status":"passed","title":"focuses Cancel and Escape restores the exact trigger focus","duration":81.82008300000001,"failureMessages":[],"meta":{},"tags":[]},{"ancestorTitles":["AssetDeleteDialog"],"fullName":"AssetDeleteDialog submits at most once while busy","status":"passed","title":"submits at most once while busy","duration":75.21941600000002,"failureMessages":[],"meta":{},"tags":[]}],"startTime":1787838134874,"endTime":1787838135031.2195,"status":"passed","message":"","name":"/Users/andydb/.codex/worktrees/322b/无线画布/app/src/features/assets/AssetDeleteDialog.test.tsx"},{"assertionResults":[{"ancestorTitles":["local asset import"],"fullName":"local asset import rejects unsupported and oversized files before reading them","status":"passed","title":"rejects unsupported and oversized files before reading them","duration":12.690042000000005,"failureMessages":[],"meta":{},"tags":[]},{"ancestorTitles":["local asset import"],"fullName":"local asset import returns a SHA-256 fingerprint for the exact file bytes","status":"passed","title":"returns a SHA-256 fingerprint for the exact file bytes","duration":3.1389159999999947,"failureMessages":[],"meta":{},"tags":[]},{"ancestorTitles":["local asset import"],"fullName":"local asset import reads accepted media as a data URL","status":"passed","title":"reads accepted media as a data URL","duration":34.63395800000001,"failureMessages":[],"meta":{},"tags":[]},{"ancestorTitles":["local asset import"],"fullName":"local asset import accepts image uploads for local preview and storage","status":"passed","title":"accepts image uploads for local preview and storage","duration":14.632499999999993,"failureMessages":[],"meta":{},"tags":[]},{"ancestorTitles":["local asset import"],"fullName":"local asset import accepts video uploads for local preview and storage","status":"passed","title":"accepts video uploads for local preview and storage","duration":0.2095000000000482,"failureMessages":[],"meta":{},"tags":[]},{"ancestorTitles":["local asset import"],"fullName":"local asset import accepts audio uploads for local preview and storage","status":"passed","title":"accepts audio uploads for local preview and storage","duration":0.12349999999997863,"failureMessages":[],"meta":{},"tags":[]}],"startTime":1787838134724,"endTime":1787838134789.2095,"status":"passed","message":"","name":"/Users/andydb/.codex/worktrees/322b/无线画布/app/src/features/assets/asset-import.test.ts"},{"assertionResults":[{"ancestorTitles":["asset library repository"],"fullName":"asset library repository returns the existing record for identical file bytes","status":"passed","title":"returns the existing record for identical file bytes","duration":84.69916599999999,"failureMessages":[],"meta":{},"tags":[]},{"ancestorTitles":["asset library repository"],"fullName":"asset library repository deduplicates identical file bytes imported concurrently","status":"passed","title":"deduplicates identical file bytes imported concurrently","duration":39.05654099999998,"failureMessages":[],"meta":{},"tags":[]},{"ancestorTitles":["asset library repository"],"fullName":"asset library repository indexes project assets without replacing richer library metadata","status":"passed","title":"indexes project assets without replacing richer library metadata","duration":27.51608299999998,"failureMessages":[],"meta":{},"tags":[]},{"ancestorTitles":["asset library repository"],"fullName":"asset library repository uses the owning node title for legacy assets and a stable asset id fallback","status":"passed","title":"uses the owning node title for legacy assets and a stable asset id fallback","duration":17.528666000000044,"failureMessages":[],"meta":{},"tags":[]},{"ancestorTitles":["asset library repository"],"fullName":"asset library repository indexes every multi-image result as a 
[...]
source time","status":"passed","title":"trims, splits, and deletes clips with immutable source time","duration":0.3459169999999858,"failureMessages":[],"meta":{},"tags":[]},{"ancestorTitles":["professional timeline aggregate"],"fullName":"professional timeline aggregate adds subtitle clips and resolves visual gaps, active assets, and total duration","status":"passed","title":"adds subtitle clips and resolves visual gaps, active assets, and total duration","duration":0.42220800000006875,"failureMessages":[],"meta":{},"tags":[]},{"ancestorTitles":["professional timeline aggregate"],"fullName":"professional timeline aggregate persists 0.25x-4x playback rates and repacks real timeline duration","status":"passed","title":"persists 0.25x-4x playback rates and repacks real timeline duration","duration":0.15029099999992468,"failureMessages":[],"meta":{},"tags":[]},{"ancestorTitles":["professional timeline aggregate"],"fullName":"professional timeline aggregate persists picture-in-picture and thirds layout geometry","status":"passed","title":"persists picture-in-picture and thirds layout geometry","duration":0.13583299999993415,"failureMessages":[],"meta":{},"tags":[]}],"startTime":1787838138405,"endTime":1787838138409.1504,"status":"passed","message":"","name":"/Users/andydb/.codex/worktrees/322b/无线画布/app/src/features/timeline/timeline-project.test.ts"},{"assertionResults":[{"ancestorTitles":["timeline repository"],"fullName":"timeline repository round-trips and overwrites a complete timeline project","status":"passed","title":"round-trips and overwrites a complete timeline project","duration":29.892665999999963,"failureMessages":[],"meta":{},"tags":[]},{"ancestorTitles":["timeline repository"],"fullName":"timeline repository isolates timeline aggregates by owning project","status":"passed","title":"isolates timeline aggregates by owning project","duration":9.956000000000017,"failureMessages":[],"meta":{},"tags":[]},{"ancestorTitles":["timeline repository"],"fullName":"timeline repository opens a version 4 database without losing projects or workflow schema","status":"passed","title":"opens a version 4 database without losing projects or workflow schema","duration":12.436833000000092,"failureMessages":[],"meta":{},"tags":[]}],"startTime":1787838133089,"endTime":1787838133141.4368,"status":"passed","message":"","name":"/Users/andydb/.codex/worktrees/322b/无线画布/app/src/features/timeline/timeline-repository.test.ts"},{"assertionResults":[{"ancestorTitles":[],"fullName":"uses real React Flow handles with button semantics and keyboard actions","status":"passed","title":"uses real React Flow handles with button semantics and keyboard actions","duration":58.08570800000007,"failureMessages":[],"meta":{},"tags":[]},{"ancestorTitles":[],"fullName":"exposes connection mode and selected-source state on the real node shell","status":"passed","title":"exposes connection mode and selected-source state on the real node shell","duration":8.200000000000045,"failureMessages":[],"meta":{},"tags":[]},{"ancestorTitles":[],"fullName":"edits a Liblib media node title from its floating heading","status":"passed","title":"edits a Liblib media node title from its floating heading","duration":60.22091699999987,"failureMessages":[],"meta":{},"tags":[]},{"ancestorTitles":[],"fullName":"keeps image nodes folded until they become the current selection","status":"passed","title":"keeps image nodes folded until they become the current selection","duration":134.77987499999995,"failureMessages":[],"meta":{},"tags":[]},{"ancestorTitles":[],"fullName":"matches the empty Liblib image card attempts and three composer actions","status":"passed","title":"matches the empty Liblib image card attempts and three composer actions","duration":52.305624999999964,"failureMessages":[],"meta":{},"tags":[]},{"ancestorTitles":[],"fullName":"keeps specialized nodes folded until selected and edits text details","status":"passed","title":"keeps specialized nodes folded until selected and edits text details","duration":41.4303339999999,"failureMessages":[],"meta":{},"tags":[]},{"ancestorTitles":[],"fullName":"starts the connected text-to-video preset from the text quick action","status":"passed","title":"starts the connected text-to-video preset from the text quick action","duration":17.5462500000001,"failureMessages":[],"meta":{},"tags":[]},{"ancestorTitles":[],"fullName":"edits manual text inside the compact node with a Liblib formatting toolbar","status":"passed","title":"edits manual text inside the compact node with a Liblib formatting toolbar","duration":88.34379100000001,"failureMessages":[],"meta":{},"tags":[]},{"ancestorTitles":[],"fullName":"removes text demo tiers and explains the unavailable real model without fabricating text","status":"passed","title":"removes text demo tiers and explains the unavailable real model without fabricating text","duration":70.68875000000003,"failureMessages":[],"meta":{},"tags":[]},{"ancestorTitles":[],"fullName":"groups the configured Ark text model as an official API and dispatches real text generation","status":"passed","title":"groups the configured Ark text model as an official API and dispatches real text generation","duration":62.559957999999824,"failureMessages":[],"meta":{},"tags":[]},{"ancestorTitles":[],"fullName":"dispatches a configured Ark script generation with outline and scene count","status":"passed","title":"dispatches a configured Ark script generation with outline and scene count","duration":42.30095800000004,"failureMessages":[],"meta":{},"tags":[]},{"ancestorTitles":[],"fullName":"shows editable script chapters, summaries, and word counts","status":"passed","title":"shows editable script chapters, summaries, and word counts","duration":30.01299999999992,"failureMessages":[],"meta":{},"tags":[]},{"ancestorTitles":[],"fullName":"preserves script drafting while unconfigured real generation remains disabled","status":"passed","title":"preserves script drafting while unconfigured real generation remains disabled","duration":59.38325000000009,"failureMessages":[],"meta":{},"tags":[]},{"ancestorTitles":[],"fullName":"shows persistent audio duration, voice, speed, and volume controls","status":"passed","title":"shows persistent audio duration, voice, speed, and volume controls","duration":45.316458999999895,"failureMessages":[],"meta":{},"tags":[]},{"ancestorTitles":[],"fullName":"switches between real audio providers with manifest defaults and estimated cost","status":"passed","title":"switches between real audio providers with manifest defaults and estimated cost","duration":30.87087500000007,"failureMessages":[],"meta":{},"tags":[]},{"ancestorTitles":[],"fullName":"explains both unavailable Ark audio tools without side effects (mock)","status":"passed","title":"explains both unavailable Ark audio tools without side effects (mock)","duration":26.983375000000024,"failureMessages":[],"meta":{},"tags":[]},{"ancestorTitles":[],"fullName":"explains both unavailable Ark audio tools without side effects (configured)","status":"passed","title":"explains both unavailable Ark audio tools without side effects (configured)","duration":22.289792000000034,"failureMessages":[],"meta":{},"tags":[]},{"ancestorTitles":[],"fullName":"groups live Ark audio models and dispatches TTS with persisted node parameters","status":"passed","title":"groups live Ark audio models and dispatches TTS with persisted node parameters","duration":112.87724999999978,"failureMessages":[],"meta":{},"tags":[]},{"ancestorTitles":[],"fullName":"offers waveform selection, preview speed, and real WAV processing for audio assets","status":"passed","title":"offers waveform selection, preview speed, and real WAV processing for audio assets","duration":55.10737500000005,"failureMessages":[],"meta":{},"tags":[]},{"ancestorTitles":[],"fullName":"adds, sorts, and removes director shots with camera hints","status":"passed","title":"adds, sorts, and removes director shots with camera hints","duration":54.08545800000002,"failureMessages":[],"meta":{},"tags":[]},{"ancestorTitles":[],"fullName":"explains the frame analysis source picker and keeps unconfigured submission disabled","status":"passed","title":"explains the frame analysis source picker and keeps unconfigured submission disabled","duration":8.772417000000132,"failureMessages":[],"meta":{},"tags":[]},{"ancestorTitles":[],"fullName":"shows smart-edit tracks, clips, and export duration","status":"passed","title":"shows smart-edit tracks, clips, and export duration","duration":7.462665999999899,"failureMessages":[],"meta":{},"tags":[]}],"startTime":1787838127623,"endTime":1787838128713.4626,"status":"passed","message":"","name":"/Users/andydb/.codex/worktrees/322b/无线画布/app/src/features/canvas/nodes/AssetNode.test.tsx"},{"assertionResults":[{"ancestorTitles":[],"fullName":"renders structured character fields, image reference, and edit action","status":"passed","title":"renders structured character fields, image reference, and edit action","duration":107.5675,"failureMessages":[],"meta":{},"tags":[]},{"ancestorTitles":[],"fullName":"keeps real connection handles keyboard accessible","status":"passed","title":"keeps real connection handles keyboard accessible","duration":24.889124999999922,"failureMessages":[],"meta":{},"tags":[]},{"ancestorTitles":[],"fullName":"survives a persisted card with missing structured data","status":"passed","title":"survives a persisted card with missing structured data","duration":10.008959000000004,"failureMessages":[],"meta":{},"tags":[]}],"startTime":1787838132567,"endTime":1787838132709.009,"status":"passed","message":"","name":"/Users/andydb/.codex/worktrees/322b/无线画布/app/src/features/canvas/nodes/CreativeCardNode.test.tsx"},{"assertionResults":[{"ancestorTitles":[],"fullName":"matches the Liblib image action bar and generation copy without legacy node actions","status":"passed","title":"matches the Liblib image action bar and generation copy without legacy node actions","duration":47.049375000000055,"failureMessages":[],"meta":{},"tags":[]},{"ancestorTitles":[],"fullName":"opens the complete Liblib image parameter picker and persists its live summary","status":"passed","title":"opens the complete Liblib image parameter picker and persists its live summary","duration":84.68604099999993,"failureMessages":[],"meta":{},"tags":[]},{"ancestorTitles":[],"fullName":"opens the grouped Liblib image template catalog and guards AI templates behind placeholders","status":"passed","title":"opens the grouped Liblib image template catalog and guards AI templates behind placeholders","duration":219.13737500000002,"failureMessages":[],"meta":{},"tags":[]},{"ancestorTitles":[],"fullName":"keeps every image AI preset in the preset panel without changing the selected model","status":"passed","title":"keeps every image AI preset in the preset panel without changing the selected model","duration":295.65374999999995,"failureMessages":[],"meta":{},"tags":[]},{"ancestorTitles":[],"fullName":"blocks an already requested legacy upscale confirmation without creating fake output","status":"passed","title":"blocks an already requested legacy upscale confirmation without creating fake output","duration":16.566583000000037,"failureMessages":[],"meta":{},"tags":[]},{"ancestorTitles":[],"fullName":"migrates retired image model selection to the real provider without losing the node","status":"passed","title":"migrates retired image model selection to the real provider without losing the node","duration":9.067915999999968,"failureMessages":[],"meta":{},"tags":[]},{"ancestorTitles":[],"fullName":"opens and safely exits the local element marking mode","status":"passed","title":"opens and safely exits the local element marking mode","duration":21.994042000000036,"failureMessages":[],"meta":{},"tags":[]},{"ancestorTitles":[],"fullName":"exposes the verified MJ image settings with persistent accessible controls","status":"passed","title":"exposes the verified MJ image settings with persistent accessible controls","duration":80.08854199999996,"failureMessages":[],"meta":{},"tags":[]},{"ancestorTitles":[],"fullName":"shows only the disabled real image provider when configuration is missing","status":"passed","title":"shows only the disabled real image provider when configuration is missing","duration":8.484041000000161,"failureMessages":[],"meta":{},"tags":[]},{"ancestorTitles":[],"fullName":"exposes an enabled Seedream 5.0 Pro live provider with real dimensions and truthful submit state","status":"passed","title":"exposes an enabled Seedream 5.0 Pro live provider with real dimensions and truthful submit state","duration":4.987124999999878,"failureMessages":[],"meta":{},"tags":[]},{"ancestorTitles":[],"fullName":"confirms the multiplied live Seedream cost before submitting four serial images","status":"passed","title":"confirms the multiplied live Seedream cost before submitting four serial images","duration":52.010957999999846,"failureMessages":[],"meta":{},"tags":[]},{"ancestorTitles":[],"fullName":"supports adaptive and validated custom Seedream output sizes","status":"passed","title":"supports adaptive and validated custom Seedream output sizes","duration":153.18120900000008,"failureMessages":[],"meta":{},"tags":[]},{"ancestorTitles":[],"fullName":"opens a searchable three-tab style gallery with ten categories and complete cards","status":"passed","title":"opens a searchable three-tab style gallery with ten categories and complete cards","duration":52.957584000000224,"failureMessages":[],"meta":{},"tags":[]},{"ancestorTitles":[],"fullName":"requires prompt or media and a visible cost before local image submission","status":"passed","title":"requires prompt or media and a visible cost before local image submission","duration":97.79162499999984,"failureMessages":[],"meta":{},"tags":[]},{"ancestorTitles":[],"fullName":"flushes the current prompt before generating without requiring blur","status":"passed","title":"flushes the current prompt before generating without requiring blur","duration":91.83529199999975,"failureMessages":[],"meta":{},"tags":[]},{"ancestorTitles":[],"fullName":"exposes canvas reference mode controls without creating an edge locally","status":"passed","title":"exposes canvas reference mode controls without creating an edge locally","duration":26.20258399999966,"failureMessages":[],"meta":{},"tags":[]}],"startTime":1787838127554,"endTime":1787838128816.2026,"status":"passed","message":"","name":"/Users/andydb/.codex/worktrees/322b/无线画布/app/src/features/canvas/nodes/ImageNodeDetails.test.tsx"},{"assertionResults":[{"ancestorTitles":[],"fullName":"keeps a video as a folded media card until it becomes the current node","status":"passed","title":"keeps a video as a folded media card until it becomes the current node","duration":89.37308299999995,"failureMessages":[],"meta":{},"tags":[]},{"ancestorTitles":[],"fullName":"renders an empty selected video as a Liblib media card with a separate compact composer","status":"passed","title":"renders an empty selected video as a Liblib media card with a separate compact composer","duration":27.731250000000045,"failureMessages":[],"meta":{},"tags":[]},{"ancestorTitles":[],"fullName":"renders the verified video generation controls, disabled modes, and cost","status":"passed","title":"renders the verified video generation controls, disabled modes, and cost","duration":130.74162499999989,"failureMessages":[],"meta":{},"tags":[]},{"ancestorTitles":[],"fullName":"submits the current prompt draft through the video generate button","status":"passed","title":"submits the current prompt draft through the video generate button","duration":125.03137500000003,"failureMessages":[],"meta":{},"tags":[]},{"ancestorTitles":[],"fullName":"migrates a retired video provider to real defaults with its price and supported switches","status":"passed","title":"migrates a retired video provider to real defaults with its price and supported switches","duration":29.979041000000052,"failureMessages":[],"meta":{},"tags":[]},{"ancestorTitles":[],"fullName":"resolves the selected provider from the persisted generation config before the legacy node field","status":"passed","title":"resolves the selected provider from the persisted generation config before the legacy node field","duration":11.301041999999825,"failureMessages":[],"meta":{},"tags":[]},{"ancestorTitles":[],"fullName":"omits an empty quality value from the reordered video summary","status":"passed","title":"omits an empty quality value from the reordered video summary","duration":19.87412499999982,"failureMessages":[],"meta":{},"tags":[]},{"ancestorTitles":[],"fullName":"has no demo video options and disables unconfigured real generation","status":"passed","title":"has no demo video options and disables unconfigured real generation","duration":29.332333000000062,"failureMessages":[],"meta":{},"tags":[]},{"ancestorTitles":[],"fullName":"uses official Seedance duration and resolution constraints instead of retired mock limits","status":"passed","title":"uses official Seedance duration and resolution constraints instead of retired mock limits","duration":35.38708299999985,"failureMessages":[],"meta":{},"tags":[]},{"ancestorTitles":[],"fullName":"keeps all reference modes available when switching to live Seedance 2.0","status":"passed","title":"keeps all reference modes available when switching to live Seedance 2.0","duration":36.4856249999998,"failureMessages":[],"meta":{},"tags":[]},{"ancestorTitles":[],"fullName":"preserves a supported saved mode when live Seedance is first rendered","status":"passed","title":"preserves a supported saved mode when live Seedance is first rendered","duration":18.67750000000001,"failureMessages":[],"meta":{},"tags":[]},{"ancestorTitles":[],"fullName":"exposes frame confirmations beside the result player and all seven reference controls","status":"passed","title":"exposes frame confirmations beside the result player and all seven reference controls","duration":72.38983299999995,"failureMessages":[],"meta":{},"tags":[]},{"ancestorTitles":[],"fullName":"opens the verified mark, effects, subject, character, and camera-motion surfaces","status":"passed","title":"opens the verified mark, effects, subject, character, and camera-motion surfaces","duration":129.8963329999999,"failureMessages":[],"meta":{},"tags":[]},{"ancestorTitles":[],"fullName":"renders exact local configurations for video upscale and frame analysis nodes","status":"passed","title":"renders exact local configurations for video upscale and frame analysis nodes","duration":2.914541999999983,"failureMessages":[],"meta":{},"tags":[]}],"startTime":1787838127623,"endTime":1787838128382.9146,"status":"passed","message":"","name":"/Users/andydb/.codex/worktrees/322b/无线画布/app/src/features/canvas/nodes/VideoNode.test.tsx"},{"assertionResults":[{"ancestorTitles":["image result action policy"],"fullName":"image result action policy freezes the model and state driven Liblib action table","status":"passed","title":"freezes the model and state driven Liblib action table","duration":0.9190409999999929,"failureMessages":[],"meta":{},"tags":[]},{"ancestorTitles":["image result action policy"],"fullName":"image result action policy keeps empty and unverified model states on the safe three-action surface","status":"passed","title":"keeps empty and unverified model states on the safe three-action surface","duration":0.17066699999998036,"failureMessages":[],"meta":{},"tags":[]},{"ancestorTitles":["image result action policy"],"fullName":"image result action policy removes fixed result actions that Liblib does not expose","status":"passed","title":"removes fixed result actions that Liblib does not expose","duration":0.07420799999999872,"failureMessages":[],"meta":{},"tags":[]}],"startTime":1787838139088,"endTime":1787838139090.0742,"status":"passed","message":"","name":"/Users/andydb/.codex/worktrees/322b/无线画布/app/src/features/canvas/nodes/image-result-action-policy.test.ts"}]}