{"numTotalTestSuites":262,"numPassedTestSuites":262,"numFailedTestSuites":0,"numPendingTestSuites":0,"numTotalTests":1295,"numPassedTests":1295,"numFailedTests":0,"numPendingTests":0,"numTodoTests":0,"snapshot":{"added":0,"failure":false,"filesAdded":0,"filesRemoved":0,"filesRemovedList":[],"filesUnmatched":0,"filesUpdated":0,"matched":0,"total":0,"unchecked":0,"uncheckedKeysByFile":[],"unmatched":0,"updated":0,"didUpdate":false},"startTime":1787840628506,"success":true,"testResults":[{"assertionResults":[{"ancestorTitles":[],"fullName":"renders /","status":"passed","title":"renders /","duration":333.49920899999995,"failureMessages":[],"meta":{},"tags":[]},{"ancestorTitles":[],"fullName":"renders /projects","status":"passed","title":"renders /projects","duration":310.80316700000003,"failureMessages":[],"meta":{},"tags":[]},{"ancestorTitles":[],"fullName":"renders /agents","status":"passed","title":"renders /agents","duration":321.43445799999995,"failureMessages":[],"meta":{},"tags":[]},{"ancestorTitles":[],"fullName":"renders /challenges","status":"passed","title":"renders /challenges","duration":311.20612500000016,"failureMessages":[],"meta":{},"tags":[]},{"ancestorTitles":[],"fullName":"renders /activity/director-master","status":"passed","title":"renders /activity/director-master","duration":314.7907089999999,"failureMessages":[],"meta":{},"tags":[]},{"ancestorTitles":[],"fullName":"renders /tutorials/add-node","status":"passed","title":"renders /tutorials/add-node","duration":315.24412500000017,"failureMessages":[],"meta":{},"tags":[]},{"ancestorTitles":[],"fullName":"renders /project/demo-project","status":"passed","title":"renders /project/demo-project","duration":366.56725000000006,"failureMessages":[],"meta":{},"tags":[]},{"ancestorTitles":[],"fullName":"renders /project/demo-project/preview","status":"passed","title":"renders /project/demo-project/preview","duration":314.1964579999999,"failureMessages":[],"meta":{},"tags":[]},{"ancestorTitles":[],"fullName":"removes the redundant full-page feature domains from the route table","status":"passed","title":"removes the redundant full-page feature domains from the route table","duration":1.4002500000001419,"failureMessages":[],"meta":{},"tags":[]},{"ancestorTitles":[],"fullName":"registers activity, tutorial detail, immersive detail and read-only process routes","status":"passed","title":"registers activity, tutorial detail, immersive detail and read-only process routes","duration":1.0207500000001346,"failureMessages":[],"meta":{},"tags":[]}],"startTime":1787840629366,"endTime":1787840631956.0208,"status":"passed","message":"","name":"/Users/andydb/.codex/worktrees/322b/无线画布/app/src/app/App.test.tsx"},{"assertionResults":[{"ancestorTitles":[],"fullName":"unknown routes provide a Chinese return path without touching stored data","status":"passed","title":"unknown routes provide a Chinese return path without touching stored data","duration":54.13574999999997,"failureMessages":[],"meta":{},"tags":[]},{"ancestorTitles":[],"fullName":"loader failures keep a safe retry screen and do not expose underlying diagnostics","status":"passed","title":"loader failures keep a safe retry screen and do not expose underlying diagnostics","duration":15.548000000000002,"failureMessages":[],"meta":{},"tags":[]}],"startTime":1787840635985,"endTime":1787840636054.548,"status":"passed","message":"","name":"/Users/andydb/.codex/worktrees/322b/无线画布/app/src/app/RouteErrorPage.test.tsx"},{"assertionResults":[{"ancestorTitles":[],"fullName":"builds the offline artifact in mock mode without bundling the local API key","status":"passed","title":"builds the offline artifact in mock mode without bundling the local API key","duration":1.5019999999999527,"failureMessages":[],"meta":{},"tags":[]},{"ancestorTitles":[],"fullName":"runs the local gate in order with the mock artifact selected for offline checks","status":"passed","title":"runs the local gate in order with the mock artifact selected for offline checks","duration":0.4694589999999721,"failureMessages":[],"meta":{},"tags":[]},{"ancestorTitles":[],"fullName":"selects the offline artifact without disabling the fixture-key development server","status":"passed","title":"selects the offline artifact without disabling the fixture-key development server","duration":1.3652910000000134,"failureMessages":[],"meta":{},"tags":[]},{"ancestorTitles":[],"fullName":"configures Vercel to build app and serve BrowserRouter routes","status":"passed","title":"configures Vercel to build app and serve BrowserRouter routes","duration":0.7675419999999917,"failureMessages":[],"meta":{},"tags":[]},{"ancestorTitles":[],"fullName":"configures Netlify to publish app/dist with an SPA fallback","status":"passed","title":"configures Netlify to publish app/dist with an SPA fallback","duration":0.37145799999996143,"failureMessages":[],"meta":{},"tags":[]},{"ancestorTitles":[],"fullName":"documents static deployment and unavailable server bridges","status":"passed","title":"documents static deployment and unavailable server bridges","duration":0.35641700000002174,"failureMessages":[],"meta":{},"tags":[]},{"ancestorTitles":[],"fullName":"configures the GitHub Pages repository base and BrowserRouter basename","status":"passed","title":"configures the GitHub Pages repository base and BrowserRouter basename","duration":0.16900000000003956,"failureMessages":[],"meta":{},"tags":[]},{"ancestorTitles":[],"fullName":"copies the built index document to 404.html for GitHub Pages SPA fallback","status":"passed","title":"copies the built index document to 404.html for GitHub Pages SPA fallback","duration":42.67666700000001,"failureMessages":[],"meta":{},"tags":[]},{"ancestorTitles":[],"fullName":"deploys app/dist to gh-pages after pushes to the platform branch","status":"passed","title":"deploys app/dist to gh-pages after pushes to the platform branch","duration":0.7042500000000018,"failureMessages":[],"meta":{},"tags":[]},{"ancestorTitles":[],"fullName":"documents the GitHub Pages URL, branch source, and local serve check","status":"passed","title":"documents the GitHub Pages URL, branch source, and local serve check","duration":0.5569169999999986,"failureMessages":[],"meta":{},"tags":[]}],"startTime":1787840635964,"endTime":1787840636013.557,"status":"passed","message":"","name":"/Users/andydb/.codex/worktrees/322b/无线画布/app/src/app/deployment-config.test.ts"},{"assertionResults":[{"ancestorTitles":[],"fullName":"declares the Chinese product language and title in the served document","status":"passed","title":"declares the Chinese product language and title in the served document","duration":5.87170900000001,"failureMessages":[],"meta":{},"tags":[]}],"startTime":1787840639901,"endTime":1787840639906.8718,"status":"passed","message":"","name":"/Users/andydb/.codex/worktrees/322b/无线画布/app/src/app/index-document.test.ts"},{"assertionResults":[{"ancestorTitles":["withAppBase"],"fullName":"withAppBase prefixes repository-hosted public assets with the GitHub Pages base","status":"passed","title":"prefixes repository-hosted public assets with the GitHub Pages base","duration":1.5667500000000132,"failureMessages":[],"meta":{},"tags":[]},{"ancestorTitles":["withAppBase"],"fullName":"withAppBase keeps localhost root paths unchanged","status":"passed","title":"keeps localhost root paths unchanged","duration":0.31450000000000955,"failureMessages":[],"meta":{},"tags":[]},{"ancestorTitles":["withAppBase"],"fullName":"withAppBase does not rewrite remote, data, or blob URLs","status":"passed","title":"does not rewrite remote, data, or blob URLs","duration":0.17812500000002274,"failureMessages":[],"meta":{},"tags":[]}],"startTime":1787840640312,"endTime":1787840640314.3145,"status":"passed","message":"","name":"/Users/andydb/.codex/worktrees/322b/无线画布/app/src/app/public-url.test.ts"},{"assertionResults":[{"ancestorTitles":[],"fullName":"styles the route loading status as a centered dark-theme surface","status":"passed","title":"styles the route loading status as a centered dark-theme surface","duration":1.1707499999999982,"failureMessages":[],"meta":{},"tags":[]},{"ancestorTitles":[],"fullName":"exposes the route loading message as an accessible status","status":"passed","title":"exposes the route loading message as an accessible status","duration":0.13204100000001517,"failureMessages":[],"meta":{},"tags":[]}],"startTime":1787840639844,"endTime":1787840639845.1707,"status":"passed","message":"","name":"/Users/andydb/.codex/worktrees/322b/无线画布/app/src/app/route-loading.test.ts"},{"assertionResults":[{"ancestorTitles":[],"fullName":"treats the offline flag as app/dist and preserves explicit output directories","status":"passed","title":"treats the offline flag as app/dist and preserves explicit output directories","duration":4.264083000000028,"failureMessages":[],"meta":{},"tags":[]},{"ancestorTitles":[],"fullName":"serves the SPA entry for extensionless canvas routes and missing nested documents","status":"passed","title":"serves the SPA entry for extensionless canvas routes and missing nested documents","duration":2.0599999999999454,"failureMessages":[],"meta":{},"tags":[]},{"ancestorTitles":[],"fullName":"reads existing static assets with their original filenames and contents","status":"passed","title":"reads existing static assets with their original filenames and contents","duration":1.0161669999999958,"failureMessages":[],"meta":{},"tags":[]},{"ancestorTitles":[],"fullName":"rejects paths outside the output directory instead of falling back to external files","status":"passed","title":"rejects paths outside the output directory instead of falling back to external files","duration":1.2650830000000042,"failureMessages":[],"meta":{},"tags":[]}],"startTime":1787840637973,"endTime":1787840637981.2651,"status":"passed","message":"","name":"/Users/andydb/.codex/worktrees/322b/无线画布/app/src/app/static-dist-fixture.test.ts"},{"assertionResults":[{"ancestorTitles":["workspace HTTP handler"],"fullName":"workspace HTTP handler returns the no-store manifest in the shared success envelope","status":"passed","title":"returns the no-store manifest in the shared success envelope","duration":30.750167000000005,"failureMessages":[],"meta":{},"tags":[]},{"ancestorTitles":["workspace HTTP handler"],"fullName":"workspace HTTP handler executes a command and returns a versioned data envelope","status":"passed","title":"executes a command and returns a versioned data envelope","duration":6.697166000000038,"failureMessages":[],"meta":{},"tags":[]},{"ancestorTitles":["workspace HTTP handler"],"fullName":"workspace HTTP handler normalizes method errors for /api/workspace/manifest","status":"passed","title":"normalizes method errors for /api/workspace/manifest","duration":0.36454200000002857,"failureMessages":[],"meta":{},"tags":[]},{"ancestorTitles":["workspace HTTP handler"],"fullName":"workspace HTTP handler normalizes method errors for /api/workspace/execute","status":"passed","title":"normalizes method errors for /api/workspace/execute","duration":0.5993750000000091,"failureMessages":[],"meta":{},"tags":[]},{"ancestorTitles":["workspace HTTP handler"],"fullName":"workspace HTTP handler returns a schema envelope for 'unsupported media type'","status":"passed","title":"returns a schema envelope for 'unsupported media type'","duration":1.3088750000000005,"failureMessages":[],"meta":{},"tags":[]},{"ancestorTitles":["workspace HTTP handler"],"fullName":"workspace HTTP handler returns a schema envelope for 'invalid JSON'","status":"passed","title":"returns a schema envelope for 'invalid JSON'","duration":1.0687920000000304,"failureMessages":[],"meta":{},"tags":[]},{"ancestorTitles":["workspace HTTP handler"],"fullName":"workspace HTTP handler returns a schema envelope for 'invalid envelope'","status":"passed","title":"returns a schema envelope for 'invalid envelope'","duration":1.0384169999999813,"failureMessages":[],"meta":{},"tags":[]},{"ancestorTitles":["workspace HTTP handler"],"fullName":"workspace HTTP handler delegates unknown paths without executing anything","status":"passed","title":"delegates unknown paths without executing anything","duration":0.4585419999999658,"failureMessages":[],"meta":{},"tags":[]}],"startTime":1787840636850,"endTime":1787840636892.4585,"status":"passed","message":"","name":"/Users/andydb/.codex/worktrees/322b/无线画布/app/server/workspace/http-handler.test.ts"},{"assertionResults":[{"ancestorTitles":["workspace CLI Vite bridge"],"fullName":"workspace CLI Vite bridge installs one shared middleware for dev and preview","status":"passed","title":"installs one shared middleware for dev and preview","duration":3.7283749999999998,"failureMessages":[],"meta":{},"tags":[]},{"ancestorTitles":["workspace CLI Vite bridge"],"fullName":"workspace CLI Vite bridge serves the manifest and delegates unknown paths","status":"passed","title":"serves the manifest and delegates unknown paths","duration":12.791957999999994,"failureMessages":[],"meta":{},"tags":[]}],"startTime":1787840637545,"endTime":1787840637561.792,"status":"passed","message":"","name":"/Users/andydb/.codex/worktrees/322b/无线画布/app/server/workspace/vite-plugin.test.ts"},{"assertionResults":[{"ancestorTitles":["local workspace command manifest"],"fullName":"local workspace command manifest publishes four versioned commands with stable schema ids","status":"passed","title":"publishes four versioned commands with stable schema ids","duration":1.1300839999999823,"failureMessages":[],"meta":{},"tags":[]},{"ancestorTitles":["local workspace command execution"],"fullName":"local workspace command execution exports and validates a project JSON document without persistence","status":"passed","title":"exports and validates a project JSON document without persistence","duration":0.571583000000004,"failureMessages":[],"meta":{},"tags":[]},{"ancestorTitles":["local workspace command execution"],"fullName":"local workspace command execution exports an asset manifest with deterministic references","status":"passed","title":"exports an asset manifest with deterministic references","duration":0.2541670000000238,"failureMessages":[],"meta":{},"tags":[]},{"ancestorTitles":["local workspace command execution"],"fullName":"local workspace command execution exports timeline EDL using the shared professional timeline serializer","status":"passed","title":"exports timeline EDL using the shared professional timeline serializer","duration":0.43641700000000583,"failureMessages":[],"meta":{},"tags":[]},{"ancestorTitles":["local workspace command execution"],"fullName":"local workspace command execution returns normalized errors for unknown commands and invalid input","status":"passed","title":"returns normalized errors for unknown commands and invalid input","duration":0.18579199999999219,"failureMessages":[],"meta":{},"tags":[]}],"startTime":1787840638855,"endTime":1787840638858.1858,"status":"passed","message":"","name":"/Users/andydb/.codex/worktrees/322b/无线画布/app/server/workspace/workspace-command.test.ts"},{"assertionResults":[{"ancestorTitles":["deployed canvas UI polish contract"],"fullName":"deployed canvas UI polish contract uses a 68px compact standard rail without changing workspace mode","status":"passed","title":"uses a 68px compact standard rail without changing workspace mode","duration":1.723542000000009,"failureMessages":[],"meta":{},"tags":[]},{"ancestorTitles":["deployed canvas UI polish contract"],"fullName":"deployed canvas UI polish contract keeps the hero compact and mode cards stable on hover","status":"passed","title":"keeps the hero compact and mode cards stable on hover","duration":0.6012080000000424,"failureMessages":[],"meta":{},"tags":[]},{"ancestorTitles":["deployed canvas UI polish contract"],"fullName":"deployed canvas UI polish contract turns the standard mobile rail into a full-width bottom navigation","status":"passed","title":"turns the standard mobile rail into a full-width bottom navigation","duration":0.46816599999999653,"failureMessages":[],"meta":{},"tags":[]}],"startTime":1787840640750,"endTime":1787840640752.6013,"status":"passed","message":"","name":"/Users/andydb/.codex/worktrees/322b/无线画布/app/src/styles/deployed-ui-polish-layout.test.ts"},{"assertionResults":[{"ancestorTitles":["global design system"],"fullName":"global design system defines the complete brand, surface, state, radius, shadow, and motion scales","status":"passed","title":"defines the complete brand, surface, state, radius, shadow, and motion scales","duration":2.29441700000001,"failureMessages":[],"meta":{},"tags":[]},{"ancestorTitles":["global design system"],"fullName":"global design system applies shared tokens to core canvas surfaces and interactions","status":"passed","title":"applies shared tokens to core canvas surfaces and interactions","duration":1.1422919999999976,"failureMessages":[],"meta":{},"tags":[]},{"ancestorTitles":["global design system"],"fullName":"global design system does not reintroduce the legacy purple accent","status":"passed","title":"does not reintroduce the legacy purple accent","duration":0.7540419999999699,"failureMessages":[],"meta":{},"tags":[]},{"ancestorTitles":["global design system"],"fullName":"global design system animates selection, edges, and panel entry with reduced-motion fallback","status":"passed","title":"animates selection, edges, and panel entry with reduced-motion fallback","duration":0.4405840000000012,"failureMessages":[],"meta":{},"tags":[]}],"startTime":1787840639037,"endTime":1787840639041.7542,"status":"passed","message":"","name":"/Users/andydb/.codex/worktrees/322b/无线画布/app/src/styles/design-system.test.ts"},{"assertionResults":[{"ancestorTitles":["home workbench density contract"],"fullName":"home workbench density contract keeps the homepage rail and topbar compact","status":"passed","title":"keeps the homepage rail and topbar compact","duration":3.2176660000000084,"failureMessages":[],"meta":{},"tags":[]},{"ancestorTitles":["home workbench density contract"],"fullName":"home workbench density contract bounds the hero and fits six creation modes on wide screens","status":"passed","title":"bounds the hero and fits six creation modes on wide screens","duration":5.417500000000018,"failureMessages":[],"meta":{},"tags":[]},{"ancestorTitles":["home workbench density contract"],"fullName":"home workbench density contract keeps every recent project reachable in one horizontal row","status":"passed","title":"keeps every recent project reachable in one horizontal row","duration":0.9388329999999883,"failureMessages":[],"meta":{},"tags":[]},{"ancestorTitles":["home workbench density contract"],"fullName":"home workbench density contract uses compact agent, feature, skill, and TV Show cards","status":"passed","title":"uses compact agent, feature, skill, and TV Show cards","duration":0.8140419999999722,"failureMessages":[],"meta":{},"tags":[]},{"ancestorTitles":["home workbench density contract"],"fullName":"home workbench density contract defines the expected homepage breakpoints","status":"passed","title":"defines the expected homepage breakpoints","duration":0.24837500000001,"failureMessages":[],"meta":{},"tags":[]}],"startTime":1787840638582,"endTime":1787840638592.814,"status":"passed","message":"","name":"/Users/andydb/.codex/worktrees/322b/无线画布/app/src/styles/home-workbench-layout.test.ts"},{"assertionResults":[{"ancestorTitles":["LibLib-aligned web design"],"fullName":"LibLib-aligned web design loads after the existing platform polish and replaces the gold brand with cyan","status":"passed","title":"loads after the existing platform polish and replaces the gold brand with cyan","duration":1.9061669999999822,"failureMessages":[],"meta":{},"tags":[]},{"ancestorTitles":["LibLib-aligned web design"],"fullName":"LibLib-aligned web design uses the measured LibLib card hover without vertical motion","status":"passed","title":"uses the measured LibLib card hover without vertical motion","duration":1.2293339999999944,"failureMessages":[],"meta":{},"tags":[]},{"ancestorTitles":["LibLib-aligned web design"],"fullName":"LibLib-aligned web design widens and densifies the project workspace on desktop","status":"passed","title":"widens and densifies the project workspace on desktop","duration":0.6007910000000152,"failureMessages":[],"meta":{},"tags":[]},{"ancestorTitles":["LibLib-aligned web design"],"fullName":"LibLib-aligned web design uses horizontal compact project cards and cyan navigation on mobile","status":"passed","title":"uses horizontal compact project cards and cyan navigation on mobile","duration":0.22720800000001873,"failureMessages":[],"meta":{},"tags":[]}],"startTime":1787840640348,"endTime":1787840640352.2273,"status":"passed","message":"","name":"/Users/andydb/.codex/worktrees/322b/无线画布/app/src/styles/liblib-web-design.test.ts"},{"assertionResults":[{"ancestorTitles":["platform functional page density contract"],"fullName":"platform functional page density contract keeps secondary page headings compact","status":"passed","title":"keeps secondary page headings compact","duration":0.9653330000000437,"failureMessages":[],"meta":{},"tags":[]},{"ancestorTitles":["platform functional page density contract"],"fullName":"platform functional page density contract uses compact project and skill card grids","status":"passed","title":"uses compact project and skill card grids","duration":0.2963750000000118,"failureMessages":[],"meta":{},"tags":[]},{"ancestorTitles":["platform functional page density contract"],"fullName":"platform functional page density contract renders challenge cards as a three-column media gallery","status":"passed","title":"renders challenge cards as a three-column media gallery","duration":0.20166600000004564,"failureMessages":[],"meta":{},"tags":[]},{"ancestorTitles":["platform functional page density contract"],"fullName":"platform functional page density contract bounds challenge documents and stacks functional pages on mobile","status":"passed","title":"bounds challenge documents and stacks functional pages on mobile","duration":0.19070799999997234,"failureMessages":[],"meta":{},"tags":[]}],"startTime":1787840639865,"endTime":1787840639867.2017,"status":"passed","message":"","name":"/Users/andydb/.codex/worktrees/322b/无线画布/app/src/styles/platform-functional-pages-layout.test.ts"},{"assertionResults":[{"ancestorTitles":[],"fullName":"Button exposes its accessible name","status":"passed","title":"Button exposes its accessible name","duration":16.81404200000003,"failureMessages":[],"meta":{},"tags":[]},{"ancestorTitles":[],"fullName":"StatusText keeps its icon decorative and its copy visible","status":"passed","title":"StatusText keeps its icon decorative and its copy visible","duration":11.636582999999973,"failureMessages":[],"meta":{},"tags":[]}],"startTime":1787840636621,"endTime":1787840636648.6365,"status":"passed","message":"","name":"/Users/andydb/.codex/worktrees/322b/无线画布/app/src/ui/ui.test.tsx"},{"assertionResults":[{"ancestorTitles":["LibTV live catalog"],"fullName":"LibTV live catalog authenticates from a non-null user in the real account envelope","status":"passed","title":"authenticates from a non-null user in the real account envelope","duration":2.289332999999999,"failureMessages":[],"meta":{},"tags":[]},{"ancestorTitles":["LibTV live catalog"],"fullName":"LibTV live catalog does not authenticate when the real account envelope has a null user","status":"passed","title":"does not authenticate when the real account envelope has a null user","duration":0.712415999999962,"failureMessages":[],"meta":{},"tags":[]},{"ancestorTitles":["LibTV live catalog"],"fullName":"LibTV live catalog maps projectMetaList to allowlisted project summaries","status":"passed","title":"maps projectMetaList to allowlisted project summaries","duration":0.6881250000000136,"failureMessages":[],"meta":{},"tags":[]},{"ancestorTitles":["LibTV live catalog"],"fullName":"LibTV live catalog maps image matches to allowlisted model summaries","status":"passed","title":"maps image matches to allowlisted model summaries","duration":0.429333999999983,"failureMessages":[],"meta":{},"tags":[]},{"ancestorTitles":["LibTV live catalog"],"fullName":"LibTV live catalog maps video matches to allowlisted model summaries","status":"passed","title":"maps video matches to allowlisted model summaries","duration":0.48416700000001356,"failureMessages":[],"meta":{},"tags":[]},{"ancestorTitles":["LibTV live catalog"],"fullName":"LibTV live catalog returns exactly the safe live catalog without sensitive source fields","status":"passed","title":"returns exactly the safe live catalog without sensitive source fields","duration":0.8748750000000314,"failureMessages":[],"meta":{},"tags":[]},{"ancestorTitles":["LibTV live catalog"],"fullName":"LibTV live catalog normalizes a single-line v-prefixed semantic version","status":"passed","title":"normalizes a single-line v-prefixed semantic version","duration":0.20016700000002174,"failureMessages":[],"meta":{},"tags":[]},{"ancestorTitles":["LibTV live catalog"],"fullName":"LibTV live catalog rejects an extra physical LF version line","status":"passed","title":"rejects an extra physical LF version line","duration":0.20687499999996817,"failureMessages":[],"meta":{},"tags":[]},{"ancestorTitles":["LibTV live catalog"],"fullName":"LibTV live catalog rejects an extra physical CRLF version line","status":"passed","title":"rejects an extra physical CRLF version line","duration":0.7212079999999901,"failureMessages":[],"meta":{},"tags":[]},{"ancestorTitles":["LibTV live catalog"],"fullName":"LibTV live catalog rejects multiline version output without reflecting it","status":"passed","title":"rejects multiline version output without reflecting it","duration":0.3037919999999872,"failureMessages":[],"meta":{},"tags":[]},{"ancestorTitles":["LibTV live catalog"],"fullName":"LibTV live catalog reports a precise redacted error for a malformed project envelope","status":"passed","title":"reports a precise redacted error for a malformed project envelope","duration":0.2724169999999617,"failureMessages":[],"meta":{},"tags":[]},{"ancestorTitles":["LibTV live catalog"],"fullName":"LibTV live catalog reports a redacted unavailable catalog after a CLI failure","status":"passed","title":"reports a redacted unavailable catalog after a CLI failure","duration":0.261415999999997,"failureMessages":[],"meta":{},"tags":[]}],"startTime":1787840638440,"endTime":1787840638448.2615,"status":"passed","message":"","name":"/Users/andydb/.codex/worktrees/322b/无线画布/app/server/libtv/catalog.test.ts"},{"assertionResults":[{"ancestorTitles":["LibTV CLI runner"],"fullName":"LibTV CLI runner runs fixed argument arrays with shell disabled","status":"passed","title":"runs fixed argument arrays with shell disabled","duration":2.9502919999999904,"failureMessages":[],"meta":{},"tags":[]},{"ancestorTitles":["LibTV CLI runner"],"fullName":"LibTV CLI runner keeps stdout and stderr separate","status":"passed","title":"keeps stdout and stderr separate","duration":0.5815000000000055,"failureMessages":[],"meta":{},"tags":[]},{"ancestorTitles":["LibTV CLI runner"],"fullName":"LibTV CLI runner redacts the missing CLI path from ENOENT failures","status":"passed","title":"redacts the missing CLI path from ENOENT failures","duration":0.506249999999909,"failureMessages":[],"meta":{},"tags":[]},{"ancestorTitles":["LibTV CLI runner"],"fullName":"LibTV CLI runner redacts command and environment details from nonzero exits","status":"passed","title":"redacts command and environment details from nonzero exits","duration":0.6431249999999409,"failureMessages":[],"meta":{},"tags":[]},{"ancestorTitles":["LibTV CLI runner"],"fullName":"LibTV CLI runner rejects output beyond two MiB","status":"passed","title":"rejects output beyond two MiB","duration":0.47183400000005804,"failureMessages":[],"meta":{},"tags":[]},{"ancestorTitles":["LibTV CLI runner"],"fullName":"LibTV CLI runner settles overflow once when kill races error and close","status":"passed","title":"settles overflow once when kill races error and close","duration":0.3955829999999878,"failureMessages":[],"meta":{},"tags":[]}],"startTime":1787840638153,"endTime":1787840638159.3955,"status":"passed","message":"","name":"/Users/andydb/.codex/worktrees/322b/无线画布/app/server/libtv/cli-runner.test.ts"},{"assertionResults":[{"ancestorTitles":["LibTV generation preflight"],"fullName":"LibTV generation preflight recognizes the valid PNG content signature for image/png","status":"passed","title":"recognizes the valid PNG content signature for image/png","duration":4.200207999999975,"failureMessages":[],"meta":{},"tags":[]},{"ancestorTitles":["LibTV generation preflight"],"fullName":"LibTV generation preflight recognizes the valid JPEG content signature for image/jpeg","status":"passed","title":"recognizes the valid JPEG content signature for image/jpeg","duration":1.4425830000000133,"failureMessages":[],"meta":{},"tags":[]},{"ancestorTitles":["LibTV generation preflight"],"fullName":"LibTV generation preflight recognizes the valid WebP content signature for image/webp","status":"passed","title":"recognizes the valid WebP content signature for image/webp","duration":0.9771250000000009,"failureMessages":[],"meta":{},"tags":[]},{"ancestorTitles":["LibTV generation preflight"],"fullName":"LibTV generation preflight recognizes the valid MP4 content signature for video/mp4","status":"passed","title":"recognizes the valid MP4 content signature for video/mp4","duration":1.3367910000000052,"failureMessages":[],"meta":{},"tags":[]},{"ancestorTitles":["LibTV generation preflight"],"fullName":"LibTV generation preflight recognizes the valid WebM content signature for video/webm","status":"passed","title":"recognizes the valid WebM content signature for video/webm","duration":1.015874999999994,"failureMessages":[],"meta":{},"tags":[]},{"ancestorTitles":["LibTV generation preflight"],"fullName":"LibTV generation preflight accepts JPEG entropy with FF00 stuffing and a restart marker","status":"passed","title":"accepts JPEG entropy with FF00 stuffing and a restart marker","duration":0.6968340000000239,"failureMessages":[],"meta":{},"tags":[]},{"ancestorTitles":["LibTV generation preflight"],"fullName":"LibTV generation preflight accepts odd-sized lossless WebP chunk with padding","status":"passed","title":"accepts odd-sized lossless WebP chunk with padding","duration":2.142499999999984,"failureMessages":[],"meta":{},"tags":[]},{"ancestorTitles":["LibTV generation preflight"],"fullName":"LibTV generation preflight accepts extended WebP followed by an animation frame chunk","status":"passed","title":"accepts extended WebP followed by an animation frame chunk","duration":0.5890829999999596,"failureMessages":[],"meta":{},"tags":[]},{"ancestorTitles":["LibTV generation preflight"],"fullName":"LibTV generation preflight accepts WebM segment with an unknown size bounded by the input","status":"passed","title":"accepts WebM segment with an unknown size bounded by the input","duration":1.8867499999999495,"failureMessages":[],"meta":{},"tags":[]},{"ancestorTitles":["LibTV generation preflight"],"fullName":"LibTV generation preflight rejects PNG truncated before IEND through the executor before any runner call or workspace write","status":"passed","title":"rejects PNG truncated before IEND through the executor before any runner call or workspace write","duration":9.401792,"failureMessages":[],"meta":{},"tags":[]},{"ancestorTitles":["LibTV generation preflight"],"fullName":"LibTV generation preflight rejects PNG header-only spoof through the executor before any runner call or workspace write","status":"passed","title":"rejects PNG header-only spoof through the executor before any runner call or workspace write","duration":11.901999999999987,"failureMessages":[],"meta":{},"tags":[]},{"ancestorTitles":["LibTV generation preflight"],"fullName":"LibTV generation preflight rejects JPEG truncated before EOI through the executor before any runner call or workspace write","status":"passed","title":"rejects JPEG truncated before EOI through the executor before any runner call or workspace write","duration":3.7723330000000033,"failureMessages":[],"meta":{},"tags":[]},{"ancestorTitles":["LibTV generation preflight"],"fullName":"LibTV generation preflight rejects JPEG marker-only spoof through the executor before any runner call or workspace write","status":"passed","title":"rejects JPEG marker-only spoof through the executor before any runner call or workspace write","duration":1.4647090000000276,"failureMessages":[],"meta":{},"tags":[]},{"ancestorTitles":["LibTV generation preflight"],"fullName":"LibTV generation preflight rejects WebP truncated payload through the executor before any runner call or workspace write","status":"passed","title":"rejects WebP truncated payload through the executor before any runner call or workspace write","duration":2.4150840000000358,"failureMessages":[],"meta":{},"tags":[]},{"ancestorTitles":["LibTV generation preflight"],"fullName":"LibTV generation preflight rejects WebP VP8X-only spoof through the executor before any runner call or workspace write","status":"passed","title":"rejects WebP VP8X-only spoof through the executor before any runner call or workspace write","duration":1.23516699999999,"failureMessages":[],"meta":{},"tags":[]},{"ancestorTitles":["LibTV generation preflight"],"fullName":"LibTV generation preflight rejects MP4 truncated before moov through the executor before any runner call or workspace write","status":"passed","title":"rejects MP4 truncated before moov through the executor before any runner call or workspace write","duration":1.0857090000000085,"failureMessages":[],"meta":{},"tags":[]},{"ancestorTitles":["LibTV generation preflight"],"fullName":"LibTV generation preflight rejects MP4 ftyp-only spoof through the executor before any runner call or workspace write","status":"passed","title":"rejects MP4 ftyp-only spoof through the executor before any runner call or workspace write","duration":1.028333000000032,"failureMessages":[],"meta":{},"tags":[]},{"ancestorTitles":["LibTV generation preflight"],"fullName":"LibTV generation preflight rejects WebM truncated before media data through the executor before any runner call or workspace write","status":"passed","title":"rejects WebM truncated before media data through the executor before any runner call or workspace write","duration":5.340166000000011,"failureMessages":[],"meta":{},"tags":[]},{"ancestorTitles":["LibTV generation preflight"],"fullName":"LibTV generation preflight rejects WebM header-only spoof through the executor before any runner call or workspace write","status":"passed","title":"rejects WebM header-only spoof through the executor before any runner call or workspace write","duration":1.6854579999999828,"failureMessages":[],"meta":{},"tags":[]},{"ancestorTitles":["LibTV generation preflight"],"fullName":"LibTV generation preflight does not recognize arbitrary bytes as the PNG content signature for image/png","status":"passed","title":"does not recognize arbitrary bytes as the PNG content signature for image/png","duration":0.5012499999999704,"failureMessages":[],"meta":{},"tags":[]},{"ancestorTitles":["LibTV generation preflight"],"fullName":"LibTV generation preflight does not recognize arbitrary bytes as the JPEG content signature for image/jpeg","status":"passed","title":"does not recognize arbitrary bytes as the JPEG content signature for image/jpeg","duration":1.242750000000001,"failureMessages":[],"meta":{},"tags":[]},{"ancestorTitles":["LibTV generation preflight"],"fullName":"LibTV generation preflight does not recognize arbitrary bytes as the WebP content signature for image/webp","status":"passed","title":"does not recognize arbitrary bytes as the WebP content signature for image/webp","duration":0.9495000000000005,"failureMessages":[],"meta":{},"tags":[]},{"ancestorTitles":["LibTV generation preflight"],"fullName":"LibTV generation preflight does not recognize arbitrary bytes as the MP4 content signature for video/mp4","status":"passed","title":"does not recognize arbitrary bytes as the MP4 content signature for video/mp4","duration":0.606207999999981,"failureMessages":[],"meta":{},"tags":[]},{"ancestorTitles":["LibTV generation preflight"],"fullName":"LibTV generation preflight does not recognize arbitrary bytes as the WebM content signature for video/webm","status":"passed","title":"does not recognize arbitrary bytes as the WebM content signature for video/webm","duration":0.7566669999999931,"failureMessages":[],"meta":{},"tags":[]},{"ancestorTitles":["LibTV generation preflight"],"fullName":"LibTV generation preflight does not advertise MP3 with ID3 as a Task 3 reference signature","status":"passed","title":"does not advertise MP3 with ID3 as a Task 3 reference signature","duration":0.7115000000000009,"failureMessages":[],"meta":{},"tags":[]},{"ancestorTitles":["LibTV generation preflight"],"fullName":"LibTV generation preflight does not advertise WAV as a Task 3 reference signature","status":"passed","title":"does not advertise WAV as a Task 3 reference signature","duration":0.5493749999999977,"failureMessages":[],"meta":{},"tags":[]},{"ancestorTitles":["LibTV generation preflight"],"fullName":"LibTV generation preflight does not advertise Ogg as a Task 3 reference signature","status":"passed","title":"does not advertise Ogg as a Task 3 reference signature","duration":0.7302080000000046,"failureMessages":[],"meta":{},"tags":[]},{"ancestorTitles":["LibTV generation preflight"],"fullName":"LibTV generation preflight rejects MP3 with ID3 through the executor before any runner call or workspace write","status":"passed","title":"rejects MP3 with ID3 through the executor before any runner call or workspace write","duration":1.0062919999999735,"failureMessages":[],"meta":{},"tags":[]},{"ancestorTitles":["LibTV generation preflight"],"fullName":"LibTV generation preflight rejects WAV through the executor before any runner call or workspace write","status":"passed","title":"rejects WAV through the executor before any runner call or workspace write","duration":1.0441249999999513,"failureMessages":[],"meta":{},"tags":[]},{"ancestorTitles":["LibTV generation preflight"],"fullName":"LibTV generation preflight rejects Ogg through the executor before any runner call or workspace write","status":"passed","title":"rejects Ogg through the executor before any runner call or workspace write","duration":0.8654999999999973,"failureMessages":[],"meta":{},"tags":[]},{"ancestorTitles":["LibTV generation preflight"],"fullName":"LibTV generation preflight rejects a remote project UUID not present in the live catalog before any CLI call","status":"passed","title":"rejects a remote project UUID not present in the live catalog before any CLI call","duration":0.8159170000000131,"failureMessages":[],"meta":{},"tags":[]},{"ancestorTitles":["LibTV generation preflight"],"fullName":"LibTV generation preflight rejects a model name not present in the selected catalog before any CLI call","status":"passed","title":"rejects a model name not present in the selected catalog before any CLI call","duration":0.8506669999999872,"failureMessages":[],"meta":{},"tags":[]},{"ancestorTitles":["LibTV generation preflight"],"fullName":"LibTV generation preflight rejects a model key and name pair that does not identify the same catalog model","status":"passed","title":"rejects a model key and name pair that does not identify the same catalog model","duration":0.8160419999999817,"failureMessages":[],"meta":{},"tags":[]},{"ancestorTitles":["LibTV generation preflight"],"fullName":"LibTV generation preflight rejects a remote project display name that does not match the live catalog","status":"passed","title":"rejects a remote project display name that does not match the live catalog","duration":1.182875000000024,"failureMessages":[],"meta":{},"tags":[]},{"ancestorTitles":["LibTV generation preflight"],"fullName":"LibTV generation preflight rejects a request with missing project id before any CLI call","status":"passed","title":"rejects a request with missing project id before any CLI call","duration":0.9542079999999942,"failureMessages":[],"meta":{},"tags":[]},{"ancestorTitles":["LibTV generation preflight"],"fullName":"LibTV generation preflight rejects a request with blank project id before any CLI call","status":"passed","title":"rejects a request with blank project id before any CLI call","duration":0.7776660000000106,"failureMessages":[],"meta":{},"tags":[]},{"ancestorTitles":["LibTV generation preflight"],"fullName":"LibTV generation preflight rejects a request with missing node id before any CLI call","status":"passed","title":"rejects a request with missing node id before any CLI call","duration":1.1508330000000342,"failureMessages":[],"meta":{},"tags":[]},{"ancestorTitles":["LibTV generation preflight"],"fullName":"LibTV generation preflight rejects a request with blank node id before any CLI call","status":"passed","title":"rejects a request with blank node id before any CLI call","duration":1.038332999999966,"failureMessages":[],"meta":{},"tags":[]},{"ancestorTitles":["LibTV generation preflight"],"fullName":"LibTV generation preflight rejects a request with unknown operation before any CLI call","status":"passed","title":"rejects a request with unknown operation before any CLI call","duration":1.3410409999999615,"failureMessages":[],"meta":{},"tags":[]},{"ancestorTitles":["LibTV generation preflight"],"fullName":"LibTV generation preflight rejects a blank prompt before any CLI call","status":"passed","title":"rejects a blank prompt before any CLI call","duration":1.2540420000000267,"failureMessages":[],"meta":{},"tags":[]},{"ancestorTitles":["LibTV generation preflight"],"fullName":"LibTV generation preflight rejects a blank prompt before any CLI call","status":"passed","title":"rejects a blank prompt before any CLI call","duration":1.566332999999986,"failureMessages":[],"meta":{},"tags":[]},{"ancestorTitles":["LibTV generation preflight"],"fullName":"LibTV generation preflight rejects a blank prompt before any CLI call","status":"passed","title":"rejects a blank prompt before any CLI call","duration":1.92349999999999,"failureMessages":[],"meta":{},"tags":[]},{"ancestorTitles":["LibTV generation preflight"],"fullName":"LibTV generation preflight rejects a prompt longer than 8000 characters before any CLI call","status":"passed","title":"rejects a prompt longer than 8000 characters before any CLI call","duration":0.8506250000000364,"failureMessages":[],"meta":{},"tags":[]},{"ancestorTitles":["LibTV generation preflight"],"fullName":"LibTV generation preflight rejects more than three reference assets before any CLI call","status":"passed","title":"rejects more than three reference assets before any CLI call","duration":2.8619580000000155,"failureMessages":[],"meta":{},"tags":[]},{"ancestorTitles":["LibTV generation preflight"],"fullName":"LibTV generation preflight rejects a non-Data URL reference before any CLI call","status":"passed","title":"rejects a non-Data URL reference before any CLI call","duration":5.64808400000004,"failureMessages":[],"meta":{},"tags":[]},{"ancestorTitles":["LibTV generation preflight"],"fullName":"LibTV generation preflight rejects an unsupported reference MIME type before any CLI call","status":"passed","title":"rejects an unsupported reference MIME type before any CLI call","duration":0.5150830000000042,"failureMessages":[],"meta":{},"tags":[]},{"ancestorTitles":["LibTV generation preflight"],"fullName":"LibTV generation preflight rejects a decoded reference larger than 20 MiB before any CLI call","status":"passed","title":"rejects a decoded reference larger than 20 MiB before any CLI call","duration":63.02499999999998,"failureMessages":[],"meta":{},"tags":[]},{"ancestorTitles":["LibTV generation preflight"],"fullName":"LibTV generation preflight rejects PNG content whose decoded signature contradicts image/png before any write","status":"passed","title":"rejects PNG content whose decoded signature contradicts image/png before any write","duration":0.9526250000000118,"failureMessages":[],"meta":{},"tags":[]},{"ancestorTitles":["LibTV generation preflight"],"fullName":"LibTV generation preflight rejects JPEG content whose decoded signature contradicts image/jpeg before any write","status":"passed","title":"rejects JPEG content whose decoded signature contradicts image/jpeg before any write","duration":0.662708000000066,"failureMessages":[],"meta":{},"tags":[]},{"ancestorTitles":["LibTV generation preflight"],"fullName":"LibTV generation preflight rejects WebP content whose decoded signature contradicts image/webp before any write","status":"passed","title":"rejects WebP content whose decoded signature contradicts image/webp before any write","duration":0.8967079999999896,"failureMessages":[],"meta":{},"tags":[]},{"ancestorTitles":["LibTV generation preflight"],"fullName":"LibTV generation preflight rejects MP4 content whose decoded signature contradicts video/mp4 before any write","status":"passed","title":"rejects MP4 content whose decoded signature contradicts video/mp4 before any write","duration":0.7187920000000076,"failureMessages":[],"meta":{},"tags":[]},{"ancestorTitles":["LibTV generation preflight"],"fullName":"LibTV generation preflight rejects WebM content whose decoded signature contradicts video/webm before any write","status":"passed","title":"rejects WebM content whose decoded signature contradicts video/webm before any write","duration":0.7956249999999727,"failureMessages":[],"meta":{},"tags":[]},{"ancestorTitles":["LibTV generation preflight"],"fullName":"LibTV generation preflight rejects video generation with two image references before any CLI call","status":"passed","title":"rejects video generation with two image references before any CLI call","duration":1.3077079999999341,"failureMessages":[],"meta":{},"tags":[]},{"ancestorTitles":["LibTV generation preflight"],"fullName":"LibTV generation preflight rejects video generation with an audio reference before any CLI call","status":"passed","title":"rejects video generation with an audio reference before any CLI call","duration":1.2690000000000055,"failureMessages":[],"meta":{},"tags":[]},{"ancestorTitles":["LibTV generation preflight"],"fullName":"LibTV generation preflight rejects video generation with a mismatched image MIME before any CLI call","status":"passed","title":"rejects video generation with a mismatched image MIME before any CLI call","duration":0.9781249999999773,"failureMessages":[],"meta":{},"tags":[]},{"ancestorTitles":["LibTV generation preflight"],"fullName":"LibTV generation preflight requires confirmed to be the literal true before any CLI call","status":"passed","title":"requires confirmed to be the literal true before any CLI call","duration":1.7586659999999483,"failureMessages":[],"meta":{},"tags":[]},{"ancestorTitles":["LibTV generation commands and temporary files"],"fullName":"LibTV generation commands and temporary files keeps accepting a valid PNG signature and uses its safe extension","status":"passed","title":"keeps accepting a valid PNG signature and uses its safe extension","duration":3.8082920000000513,"failureMessages":[],"meta":{},"tags":[]},{"ancestorTitles":["LibTV generation commands and temporary files"],"fullName":"LibTV generation commands and temporary files keeps accepting a valid JPEG signature and uses its safe extension","status":"passed","title":"keeps accepting a valid JPEG signature and uses its safe extension","duration":2.321040999999923,"failureMessages":[],"meta":{},"tags":[]},{"ancestorTitles":["LibTV generation commands and temporary files"],"fullName":"LibTV generation commands and temporary files keeps accepting a valid WebP signature and uses its safe extension","status":"passed","title":"keeps accepting a valid WebP signature and uses its safe extension","duration":2.4370830000000296,"failureMessages":[],"meta":{},"tags":[]},{"ancestorTitles":["LibTV generation commands and temporary files"],"fullName":"LibTV generation commands and temporary files keeps accepting a valid MP4 signature and uses its safe extension","status":"passed","title":"keeps accepting a valid MP4 signature and uses its safe extension","duration":2.1795829999999796,"failureMessages":[],"meta":{},"tags":[]},{"ancestorTitles":["LibTV generation commands and temporary files"],"fullName":"LibTV generation commands and temporary files keeps accepting a valid WebM signature and uses its safe extension","status":"passed","title":"keeps accepting a valid WebM signature and uses its safe extension","duration":3.114125000000058,"failureMessages":[],"meta":{},"tags":[]},{"ancestorTitles":["LibTV generation commands and temporary files"],"fullName":"LibTV generation commands and temporary files uploads a PNG sequentially then creates an image node with the official argument order","status":"passed","title":"uploads a PNG sequentially then creates an image node with the official argument order","duration":3.399291000000062,"failureMessages":[],"meta":{},"tags":[]},{"ancestorTitles":["LibTV generation commands and temporary files"],"fullName":"LibTV generation commands and temporary files creates a video node for the supported text2video mode","status":"passed","title":"creates a video node for the supported text2video mode","duration":1.0690410000000838,"failureMessages":[],"meta":{},"tags":[]},{"ancestorTitles":["LibTV generation commands and temporary files"],"fullName":"LibTV generation commands and temporary files creates a video node for the supported singleImage2video mode","status":"passed","title":"creates a video node for the supported singleImage2video mode","duration":2.0381669999999303,"failureMessages":[],"meta":{},"tags":[]},{"ancestorTitles":["LibTV generation commands and temporary files"],"fullName":"LibTV generation commands and temporary files creates a video node for the supported video2video mode","status":"passed","title":"creates a video node for the supported video2video mode","duration":2.125915999999961,"failureMessages":[],"meta":{},"tags":[]},{"ancestorTitles":["LibTV generation commands and temporary files"],"fullName":"LibTV generation commands and temporary files removes the exact temporary directory after an upload failure","status":"passed","title":"removes the exact temporary directory after an upload failure","duration":2.3423330000000533,"failureMessages":[],"meta":{},"tags":[]},{"ancestorTitles":["LibTV generation commands and temporary files"],"fullName":"LibTV generation commands and temporary files retries one transient cleanup failure and removes the same exact directory","status":"passed","title":"retries one transient cleanup failure and removes the same exact directory","duration":2.7440829999999323,"failureMessages":[],"meta":{},"tags":[]},{"ancestorTitles":["LibTV generation commands and temporary files"],"fullName":"LibTV generation commands and temporary files bounds persistent cleanup failure and returns only a fixed redacted error","status":"passed","title":"bounds persistent cleanup failure and returns only a fixed redacted error","duration":2.114166999999952,"failureMessages":[],"meta":{},"tags":[]},{"ancestorTitles":["LibTV generation output parsing"],"fullName":"LibTV generation output parsing maps only allowlisted optional output metadata","status":"passed","title":"maps only allowlisted optional output metadata","duration":0.7615000000000691,"failureMessages":[],"meta":{},"tags":[]},{"ancestorTitles":["LibTV generation output parsing"],"fullName":"LibTV generation output parsing rejects non-JSON output without leaking output or request details","status":"passed","title":"rejects non-JSON output without leaking output or request details","duration":0.7192919999999958,"failureMessages":[],"meta":{},"tags":[]},{"ancestorTitles":["LibTV generation output parsing"],"fullName":"LibTV generation output parsing rejects an empty URL array without leaking output or request details","status":"passed","title":"rejects an empty URL array without leaking output or request details","duration":1.127666999999974,"failureMessages":[],"meta":{},"tags":[]},{"ancestorTitles":["LibTV generation output parsing"],"fullName":"LibTV generation output parsing rejects a Data URL result without leaking output or request details","status":"passed","title":"rejects a Data URL result without leaking output or request details","duration":0.727292000000034,"failureMessages":[],"meta":{},"tags":[]},{"ancestorTitles":["LibTV generation output parsing"],"fullName":"LibTV generation output parsing rejects a mismatched output kind without leaking output or request details","status":"passed","title":"rejects a mismatched output kind without leaking output or request details","duration":0.6170410000000857,"failureMessages":[],"meta":{},"tags":[]},{"ancestorTitles":["LibTV generation output parsing"],"fullName":"LibTV generation output parsing redacts a CLI failure without exposing arguments or raw error output","status":"passed","title":"redacts a CLI failure without exposing arguments or raw error output","duration":0.6609999999999445,"failureMessages":[],"meta":{},"tags":[]}],"startTime":1787840633061,"endTime":1787840633255.661,"status":"passed","message":"","name":"/Users/andydb/.codex/worktrees/322b/无线画布/app/server/libtv/generation-command.test.ts"},{"assertionResults":[{"ancestorTitles":["LibTV HTTP handler"],"fullName":"LibTV HTTP handler returns only allowlisted catalog fields with no-store caching","status":"passed","title":"returns only allowlisted catalog fields with no-store caching","duration":18.272249999999985,"failureMessages":[],"meta":{},"tags":[]},{"ancestorTitles":["LibTV HTTP handler"],"fullName":"LibTV HTTP handler returns 405 for /api/libtv/catalog with the wrong method","status":"passed","title":"returns 405 for /api/libtv/catalog with the wrong method","duration":0.5870830000000069,"failureMessages":[],"meta":{},"tags":[]},{"ancestorTitles":["LibTV HTTP handler"],"fullName":"LibTV HTTP handler returns 405 for /api/libtv/generate with the wrong method","status":"passed","title":"returns 405 for /api/libtv/generate with the wrong method","duration":0.31212499999998045,"failureMessages":[],"meta":{},"tags":[]},{"ancestorTitles":["LibTV HTTP handler"],"fullName":"LibTV HTTP handler delegates an unknown path without loading catalog or running the CLI","status":"passed","title":"delegates an unknown path without loading catalog or running the CLI","duration":0.41595799999998917,"failureMessages":[],"meta":{},"tags":[]},{"ancestorTitles":["LibTV HTTP handler"],"fullName":"LibTV HTTP handler rejects generation while writes are disabled before any dependency call","status":"passed","title":"rejects generation while writes are disabled before any dependency call","duration":0.688165999999967,"failureMessages":[],"meta":{},"tags":[]},{"ancestorTitles":["LibTV HTTP handler"],"fullName":"LibTV HTTP handler requires application/json before reading the body","status":"passed","title":"requires application/json before reading the body","duration":0.8665839999999889,"failureMessages":[],"meta":{},"tags":[]},{"ancestorTitles":["LibTV HTTP handler"],"fullName":"LibTV HTTP handler rejects unsupported or extra JSON media type parameters: application/json; charset=iso-8859-1","status":"passed","title":"rejects unsupported or extra JSON media type parameters: application/json; charset=iso-8859-1","duration":0.8943749999999682,"failureMessages":[],"meta":{},"tags":[]},{"ancestorTitles":["LibTV HTTP handler"],"fullName":"LibTV HTTP handler rejects unsupported or extra JSON media type parameters: application/json; charset","status":"passed","title":"rejects unsupported or extra JSON media type parameters: application/json; charset","duration":0.40466700000001765,"failureMessages":[],"meta":{},"tags":[]},{"ancestorTitles":["LibTV HTTP handler"],"fullName":"LibTV HTTP handler rejects unsupported or extra JSON media type parameters: application/json; profile=example","status":"passed","title":"rejects unsupported or extra JSON media type parameters: application/json; profile=example","duration":0.9449159999999779,"failureMessages":[],"meta":{},"tags":[]},{"ancestorTitles":["LibTV HTTP handler"],"fullName":"LibTV HTTP handler rejects unsupported or extra JSON media type parameters: application/json; charset=utf-8; profile=example","status":"passed","title":"rejects unsupported or extra JSON media type parameters: application/json; charset=utf-8; profile=example","duration":1.3685839999999985,"failureMessages":[],"meta":{},"tags":[]},{"ancestorTitles":["LibTV HTTP handler"],"fullName":"LibTV HTTP handler rejects unsupported or extra JSON media type parameters: application/json; charset=utf-8; charset=utf-8","status":"passed","title":"rejects unsupported or extra JSON media type parameters: application/json; charset=utf-8; charset=utf-8","duration":1.304124999999999,"failureMessages":[],"meta":{},"tags":[]},{"ancestorTitles":["LibTV HTTP handler"],"fullName":"LibTV HTTP handler accepts only bare JSON or one UTF-8 charset parameter: application/json","status":"passed","title":"accepts only bare JSON or one UTF-8 charset parameter: application/json","duration":3.8343329999999582,"failureMessages":[],"meta":{},"tags":[]},{"ancestorTitles":["LibTV HTTP handler"],"fullName":"LibTV HTTP handler accepts only bare JSON or one UTF-8 charset parameter: Application/JSON; Charset=UTF-8","status":"passed","title":"accepts only bare JSON or one UTF-8 charset parameter: Application/JSON; Charset=UTF-8","duration":0.26429200000001174,"failureMessages":[],"meta":{},"tags":[]},{"ancestorTitles":["LibTV HTTP handler"],"fullName":"LibTV HTTP handler accepts only bare JSON or one UTF-8 charset parameter: application/json ; charset = utf-8","status":"passed","title":"accepts only bare JSON or one UTF-8 charset parameter: application/json ; charset = utf-8","duration":0.1369579999999928,"failureMessages":[],"meta":{},"tags":[]},{"ancestorTitles":["LibTV HTTP handler"],"fullName":"LibTV HTTP handler fast-rejects an oversized Content-Length before pulling the body stream","status":"passed","title":"fast-rejects an oversized Content-Length before pulling the body stream","duration":0.38408400000002985,"failureMessages":[],"meta":{},"tags":[]},{"ancestorTitles":["LibTV HTTP handler"],"fullName":"LibTV HTTP handler rejects a negative Content-Length before consuming the body","status":"passed","title":"rejects a negative Content-Length before consuming the body","duration":0.4141249999999559,"failureMessages":[],"meta":{},"tags":[]},{"ancestorTitles":["LibTV HTTP handler"],"fullName":"LibTV HTTP handler rejects a overflowing Content-Length before consuming the body","status":"passed","title":"rejects a overflowing Content-Length before consuming the body","duration":0.1664580000000342,"failureMessages":[],"meta":{},"tags":[]},{"ancestorTitles":["LibTV HTTP handler"],"fullName":"LibTV HTTP handler rejects duplicate Content-Length values before consuming the body","status":"passed","title":"rejects duplicate Content-Length values before consuming the body","duration":0.22108400000001893,"failureMessages":[],"meta":{},"tags":[]},{"ancestorTitles":["LibTV HTTP handler"],"fullName":"LibTV HTTP handler stops a chunked body once streamed bytes exceed 90 MiB","status":"passed","title":"stops a chunked body once streamed bytes exceed 90 MiB","duration":5.74875000000003,"failureMessages":[],"meta":{},"tags":[]},{"ancestorTitles":["LibTV HTTP handler"],"fullName":"LibTV HTTP handler does not retain one object per single-byte request chunk","status":"passed","title":"does not retain one object per single-byte request chunk","duration":3.10695800000002,"failureMessages":[],"meta":{},"tags":[]},{"ancestorTitles":["LibTV HTTP handler"],"fullName":"LibTV HTTP handler ignores zero-length request chunks instead of retaining them","status":"passed","title":"ignores zero-length request chunks instead of retaining them","duration":2.000083000000018,"failureMessages":[],"meta":{},"tags":[]},{"ancestorTitles":["LibTV HTTP handler"],"fullName":"LibTV HTTP handler returns a fixed structured error for malformed JSON without leaking input","status":"passed","title":"returns a fixed structured error for malformed JSON without leaking input","duration":0.29545799999999645,"failureMessages":[],"meta":{},"tags":[]},{"ancestorTitles":["LibTV HTTP handler"],"fullName":"LibTV HTTP handler returns only allowlisted generated asset fields on success","status":"passed","title":"returns only allowlisted generated asset fields on success","duration":0.6719170000000076,"failureMessages":[],"meta":{},"tags":[]},{"ancestorTitles":["LibTV HTTP handler"],"fullName":"LibTV HTTP handler maps unexpected dependency failures to a fixed 500 without leaking details","status":"passed","title":"maps unexpected dependency failures to a fixed 500 without leaking details","duration":0.4074579999999628,"failureMessages":[],"meta":{},"tags":[]}],"startTime":1787840635901,"endTime":1787840635944.6719,"status":"passed","message":"","name":"/Users/andydb/.codex/worktrees/322b/无线画布/app/server/libtv/http-handler.test.ts"},{"assertionResults":[{"ancestorTitles":["LibTV Vite bridge plugin"],"fullName":"LibTV Vite bridge plugin creates the default libtv runner once and installs one shared middleware for dev and preview","status":"passed","title":"creates the default libtv runner once and installs one shared middleware for dev and preview","duration":3.1892500000000155,"failureMessages":[],"meta":{},"tags":[]},{"ancestorTitles":["LibTV Vite bridge plugin"],"fullName":"LibTV Vite bridge plugin delegates non-API paths to the next middleware","status":"passed","title":"delegates non-API paths to the next middleware","duration":1.110499999999945,"failureMessages":[],"meta":{},"tags":[]},{"ancestorTitles":["LibTV Vite bridge plugin"],"fullName":"LibTV Vite bridge plugin does not disturb the raw request body for 'an unknown LibTV path'","status":"passed","title":"does not disturb the raw request body for 'an unknown LibTV path'","duration":0.30083300000001145,"failureMessages":[],"meta":{},"tags":[]},{"ancestorTitles":["LibTV Vite bridge plugin"],"fullName":"LibTV Vite bridge plugin does not disturb the raw request body for 'a method rejected with 405'","status":"passed","title":"does not disturb the raw request body for 'a method rejected with 405'","duration":19.323249999999973,"failureMessages":[],"meta":{},"tags":[]},{"ancestorTitles":["LibTV Vite bridge plugin"],"fullName":"LibTV Vite bridge plugin does not disturb the raw request body for 'a writes-disabled generation'","status":"passed","title":"does not disturb the raw request body for 'a writes-disabled generation'","duration":0.49345800000003237,"failureMessages":[],"meta":{},"tags":[]},{"ancestorTitles":["LibTV Vite bridge plugin"],"fullName":"LibTV Vite bridge plugin does not disturb the raw request body for 'an unsupported content type'","status":"passed","title":"does not disturb the raw request body for 'an unsupported content type'","duration":0.6199579999999969,"failureMessages":[],"meta":{},"tags":[]},{"ancestorTitles":["LibTV Vite bridge plugin"],"fullName":"LibTV Vite bridge plugin does not disturb the raw request body for 'a known oversized Content-Length'","status":"passed","title":"does not disturb the raw request body for 'a known oversized Content-Length'","duration":0.42799999999999727,"failureMessages":[],"meta":{},"tags":[]},{"ancestorTitles":["LibTV Vite bridge plugin"],"fullName":"LibTV Vite bridge plugin handles catalog in middleware with no-store and no wildcard CORS","status":"passed","title":"handles catalog in middleware with no-store and no wildcard CORS","duration":0.7332499999999982,"failureMessages":[],"meta":{},"tags":[]},{"ancestorTitles":["LibTV Vite bridge plugin"],"fullName":"LibTV Vite bridge plugin keeps writes disabled unless the environment value is exactly 1 (undefined)","status":"passed","title":"keeps writes disabled unless the environment value is exactly 1 (undefined)","duration":0.528541999999959,"failureMessages":[],"meta":{},"tags":[]},{"ancestorTitles":["LibTV Vite bridge plugin"],"fullName":"LibTV Vite bridge plugin keeps writes disabled unless the environment value is exactly 1 ()","status":"passed","title":"keeps writes disabled unless the environment value is exactly 1 ()","duration":0.43333300000000463,"failureMessages":[],"meta":{},"tags":[]},{"ancestorTitles":["LibTV Vite bridge plugin"],"fullName":"LibTV Vite bridge plugin keeps writes disabled unless the environment value is exactly 1 (true)","status":"passed","title":"keeps writes disabled unless the environment value is exactly 1 (true)","duration":0.2785409999999615,"failureMessages":[],"meta":{},"tags":[]},{"ancestorTitles":["LibTV Vite bridge plugin"],"fullName":"LibTV Vite bridge plugin keeps writes disabled unless the environment value is exactly 1 (01)","status":"passed","title":"keeps writes disabled unless the environment value is exactly 1 (01)","duration":0.9097499999999741,"failureMessages":[],"meta":{},"tags":[]},{"ancestorTitles":["LibTV Vite bridge plugin"],"fullName":"LibTV Vite bridge plugin keeps writes disabled unless the environment value is exactly 1 (TRUE)","status":"passed","title":"keeps writes disabled unless the environment value is exactly 1 (TRUE)","duration":0.33020800000002737,"failureMessages":[],"meta":{},"tags":[]},{"ancestorTitles":["LibTV Vite bridge plugin"],"fullName":"LibTV Vite bridge plugin enables writes only for an exact environment value of 1","status":"passed","title":"enables writes only for an exact environment value of 1","duration":8.003916000000004,"failureMessages":[],"meta":{},"tags":[]},{"ancestorTitles":["LibTV Vite bridge plugin"],"fullName":"LibTV Vite bridge plugin maps raw aborted with complete=true to signal.aborted=true and removes its listener","status":"passed","title":"maps raw aborted with complete=true to signal.aborted=true and removes its listener","duration":1.728917000000024,"failureMessages":[],"meta":{},"tags":[]},{"ancestorTitles":["LibTV Vite bridge plugin"],"fullName":"LibTV Vite bridge plugin maps raw close with complete=false to signal.aborted=true and removes its listener","status":"passed","title":"maps raw close with complete=false to signal.aborted=true and removes its listener","duration":1.06737499999997,"failureMessages":[],"meta":{},"tags":[]},{"ancestorTitles":["LibTV Vite bridge plugin"],"fullName":"LibTV Vite bridge plugin maps raw close with complete=true to signal.aborted=false and removes its listener","status":"passed","title":"maps raw close with complete=true to signal.aborted=false and removes its listener","duration":0.9042919999999981,"failureMessages":[],"meta":{},"tags":[]},{"ancestorTitles":["LibTV Vite bridge plugin"],"fullName":"LibTV Vite bridge plugin preserves multiple Set-Cookie response values as a header array","status":"passed","title":"preserves multiple Set-Cookie response values as a header array","duration":2.3332080000000133,"failureMessages":[],"meta":{},"tags":[]},{"ancestorTitles":["LibTV Vite bridge plugin"],"fullName":"LibTV Vite bridge plugin maps asynchronous bridge failures to a fixed response without leaking details","status":"passed","title":"maps asynchronous bridge failures to a fixed response without leaking details","duration":0.9483749999999986,"failureMessages":[],"meta":{},"tags":[]}],"startTime":1787840636753,"endTime":1787840636796.9485,"status":"passed","message":"","name":"/Users/andydb/.codex/worktrees/322b/无线画布/app/server/libtv/vite-plugin.test.ts"},{"assertionResults":[{"ancestorTitles":[],"fullName":"opens honest local settings without fake account, billing, or quota data","status":"passed","title":"opens honest local settings without fake account, billing, or quota data","duration":85.42166700000007,"failureMessages":[],"meta":{},"tags":[]},{"ancestorTitles":[],"fullName":"persists theme, watermark, and notification controls","status":"passed","title":"persists theme, watermark, and notification controls","duration":191.4554579999999,"failureMessages":[],"meta":{},"tags":[]},{"ancestorTitles":[],"fullName":"edits the local display name and opens every local settings destination","status":"passed","title":"edits the local display name and opens every local settings destination","duration":112.59691700000008,"failureMessages":[],"meta":{},"tags":[]}],"startTime":1787840631841,"endTime":1787840632230.597,"status":"passed","message":"","name":"/Users/andydb/.codex/worktrees/322b/无线画布/app/src/features/account/CanvasAccountMenu.test.tsx"},{"assertionResults":[{"ancestorTitles":["generation notifications"],"fullName":"generation notifications derives ordered notifications from current generation job states","status":"passed","title":"derives ordered notifications from current generation job states","duration":31.664874999999938,"failureMessages":[],"meta":{},"tags":[]}],"startTime":1787840638393,"endTime":1787840638424.6648,"status":"passed","message":"","name":"/Users/andydb/.codex/worktrees/322b/无线画布/app/src/features/account/generation-notifications.test.ts"},{"assertionResults":[{"ancestorTitles":["local account preferences"],"fullName":"local account preferences starts with an honest local identity and safe creation preferences","status":"passed","title":"starts with an honest local identity and safe creation preferences","duration":1.9102079999999546,"failureMessages":[],"meta":{},"tags":[]},{"ancestorTitles":["local account preferences"],"fullName":"local account preferences falls back for malformed JSON","status":"passed","title":"falls back for malformed JSON","duration":0.4487079999999537,"failureMessages":[],"meta":{},"tags":[]},{"ancestorTitles":["local account preferences"],"fullName":"local account preferences falls back for unknown version","status":"passed","title":"falls back for unknown version","duration":0.30220900000000483,"failureMessages":[],"meta":{},"tags":[]},{"ancestorTitles":["local account preferences"],"fullName":"local account preferences falls back for invalid structure","status":"passed","title":"falls back for invalid structure","duration":0.22858300000001464,"failureMessages":[],"meta":{},"tags":[]},{"ancestorTitles":["local account preferences"],"fullName":"local account preferences normalizes and persists only known device-local fields","status":"passed","title":"normalizes and persists only known device-local fields","duration":1.8664590000000203,"failureMessages":[],"meta":{},"tags":[]},{"ancestorTitles":["local account preferences"],"fullName":"local account preferences persists account menu theme, quota order, notification reads, and scope preferences","status":"passed","title":"persists account menu theme, quota order, notification reads, and scope preferences","duration":0.9418749999999818,"failureMessages":[],"meta":{},"tags":[]},{"ancestorTitles":["local account preferences"],"fullName":"local account preferences falls back for a blank name and tolerates unavailable storage","status":"passed","title":"falls back for a blank name and tolerates unavailable storage","duration":0.9010420000000181,"failureMessages":[],"meta":{},"tags":[]}],"startTime":1787840639355,"endTime":1787840639361.9011,"status":"passed","message":"","name":"/Users/andydb/.codex/worktrees/322b/无线画布/app/src/features/account/local-account-preferences.test.ts"},{"assertionResults":[{"ancestorTitles":["Agents page"],"fullName":"Agents page uses the real registry in the Skill selector and disables unconfigured models","status":"passed","title":"uses the real registry in the Skill selector and disables unconfigured models","duration":83.12783300000001,"failureMessages":[],"meta":{},"tags":[]},{"ancestorTitles":["Agents page"],"fullName":"Agents page shows Liblib-style Skill cards and filters them by category and search","status":"passed","title":"shows Liblib-style Skill cards and filters them by category and search","duration":73.24145899999996,"failureMessages":[],"meta":{},"tags":[]},{"ancestorTitles":["Agents page"],"fullName":"Agents page orders the instruction box, local browse tabs, and catalog tools without faking remote data","status":"passed","title":"orders the instruction box, local browse tabs, and catalog tools without faking remote data","duration":47.295375000000035,"failureMessages":[],"meta":{},"tags":[]},{"ancestorTitles":["Agents page"],"fullName":"Agents page selects a compact card and focuses its independent run panel","status":"passed","title":"selects a compact card and focuses its independent run panel","duration":42.67695900000001,"failureMessages":[],"meta":{},"tags":[]},{"ancestorTitles":["Agents page"],"fullName":"Agents page browses five local skills and persists enable/disable controls","status":"passed","title":"browses five local skills and persists enable/disable controls","duration":55.710375,"failureMessages":[],"meta":{},"tags":[]},{"ancestorTitles":["Agents page"],"fullName":"Agents page executes a skill, displays a result card and writes it into a canvas node","status":"passed","title":"executes a skill, displays a result card and writes it into a canvas node","duration":104.991083,"failureMessages":[],"meta":{},"tags":[]},{"ancestorTitles":["Agents page"],"fullName":"Agents page shows the same-origin workspace CLI manifest without executing a command","status":"passed","title":"shows the same-origin workspace CLI manifest without executing a command","duration":24.13408400000003,"failureMessages":[],"meta":{},"tags":[]},{"ancestorTitles":["Agents page"],"fullName":"Agents page cancels one asynchronous skill and blocks cross-skill duplicate execution","status":"passed","title":"cancels one asynchronous skill and blocks cross-skill duplicate execution","duration":70.84304200000008,"failureMessages":[],"meta":{},"tags":[]}],"startTime":1787840631000,"endTime":1787840631502.843,"status":"passed","message":"","name":"/Users/andydb/.codex/worktrees/322b/无线画布/app/src/features/agent/AgentsPage.test.tsx"},{"assertionResults":[{"ancestorTitles":["Agent skill registry"],"fullName":"Agent skill registry registers definitions and executes validated input with defaults","status":"passed","title":"registers definitions and executes validated input with defaults","duration":2.7344999999999686,"failureMessages":[],"meta":{},"tags":[]},{"ancestorTitles":["Agent skill registry"],"fullName":"Agent skill registry rejects duplicate ids, unknown fields, missing fields and out-of-range values","status":"passed","title":"rejects duplicate ids, unknown fields, missing fields and out-of-range values","duration":1.6737079999999764,"failureMessages":[],"meta":{},"tags":[]},{"ancestorTitles":["Agent skill registry"],"fullName":"Agent skill registry rejects malformed plugin output with a stable output error","status":"passed","title":"rejects malformed plugin output with a stable output error","duration":0.5322499999999764,"failureMessages":[],"meta":{},"tags":[]},{"ancestorTitles":["Agent skill registry"],"fullName":"Agent skill registry discards an asynchronous result when its signal is cancelled","status":"passed","title":"discards an asynchronous result when its signal is cancelled","duration":0.9641249999999673,"failureMessages":[],"meta":{},"tags":[]},{"ancestorTitles":["skill enablement store"],"fullName":"skill enablement store defaults all registered skills to enabled and persists explicit changes","status":"passed","title":"defaults all registered skills to enabled and persists explicit changes","duration":0.7159159999999929,"failureMessages":[],"meta":{},"tags":[]},{"ancestorTitles":["skill enablement store"],"fullName":"skill enablement store ignores malformed and stale stored ids","status":"passed","title":"ignores malformed and stale stored ids","duration":0.18537500000002183,"failureMessages":[],"meta":{},"tags":[]}],"startTime":1787840638162,"endTime":1787840638169.1853,"status":"passed","message":"","name":"/Users/andydb/.codex/worktrees/322b/无线画布/app/src/features/agent/agent-skill.test.ts"},{"assertionResults":[{"ancestorTitles":["built-in local Agent skills"],"fullName":"built-in local Agent skills exposes five unique deterministic skills","status":"passed","title":"exposes five unique deterministic skills","duration":1.0135830000000396,"failureMessages":[],"meta":{},"tags":[]},{"ancestorTitles":["built-in local Agent skills"],"fullName":"built-in local Agent skills builds a requested batch of storyboard prompts","status":"passed","title":"builds a requested batch of storyboard prompts","duration":0.33587499999998727,"failureMessages":[],"meta":{},"tags":[]},{"ancestorTitles":["built-in local Agent skills"],"fullName":"built-in local Agent skills reports assets by kind and identifies orphan assets","status":"passed","title":"reports assets by kind and identifies orphan assets","duration":0.17941700000000083,"failureMessages":[],"meta":{},"tags":[]},{"ancestorTitles":["built-in local Agent skills"],"fullName":"built-in local Agent skills calculates duration from the professional timeline when supplied","status":"passed","title":"calculates duration from the professional timeline when supplied","duration":0.26924999999999955,"failureMessages":[],"meta":{},"tags":[]},{"ancestorTitles":["built-in local Agent skills"],"fullName":"built-in local Agent skills generates local publishing copy from explicit tone and highlights","status":"passed","title":"generates local publishing copy from explicit tone and highlights","duration":0.18124999999997726,"failureMessages":[],"meta":{},"tags":[]},{"ancestorTitles":["built-in local Agent skills"],"fullName":"built-in local Agent skills checks backup risks without accessing files or cloud state","status":"passed","title":"checks backup risks without accessing files or cloud state","duration":0.20020800000003192,"failureMessages":[],"meta":{},"tags":[]}],"startTime":1787840638025,"endTime":1787840638027.2002,"status":"passed","message":"","name":"/Users/andydb/.codex/worktrees/322b/无线画布/app/src/features/agent/builtin-skills.test.ts"},{"assertionResults":[{"ancestorTitles":["Agent skill plugin loading point"],"fullName":"Agent skill plugin loading point loads built-ins before explicitly supplied local plugin skills","status":"passed","title":"loads built-ins before explicitly supplied local plugin skills","duration":2.989709000000005,"failureMessages":[],"meta":{},"tags":[]},{"ancestorTitles":["Agent skill plugin loading point"],"fullName":"Agent skill plugin loading point rejects duplicate plugin ids and duplicate skill ids","status":"passed","title":"rejects duplicate plugin ids and duplicate skill ids","duration":1.2797089999999685,"failureMessages":[],"meta":{},"tags":[]}],"startTime":1787840639347,"endTime":1787840639351.2798,"status":"passed","message":"","name":"/Users/andydb/.codex/worktrees/322b/无线画布/app/src/features/agent/skill-loader.test.ts"},{"assertionResults":[{"ancestorTitles":[],"fullName":"appends a non-destructive text node to the right of existing canvas content","status":"passed","title":"appends a non-destructive text node to the right of existing canvas content","duration":1.5329580000000078,"failureMessages":[],"meta":{},"tags":[]}],"startTime":1787840639492,"endTime":1787840639493.533,"status":"passed","message":"","name":"/Users/andydb/.codex/worktrees/322b/无线画布/app/src/features/agent/skill-result-node.test.ts"},{"assertionResults":[{"ancestorTitles":["workspace manifest client"],"fullName":"workspace manifest client reads and normalizes the same-origin versioned manifest","status":"passed","title":"reads and normalizes the same-origin versioned manifest","duration":2.746791999999971,"failureMessages":[],"meta":{},"tags":[]},{"ancestorTitles":["workspace manifest client"],"fullName":"workspace manifest client returns one safe error for an unavailable response","status":"passed","title":"retur
[...]
lure and retries only on request","status":"passed","title":"keeps manual save available after sanitized extraction failure and retries only on request","duration":28.75116700000001,"failureMessages":[],"meta":{},"tags":[]},{"ancestorTitles":[],"fullName":"shows the safe image validation reason so the user can correct the source","status":"passed","title":"shows the safe image validation reason so the user can correct the source","duration":8.159250000000043,"failureMessages":[],"meta":{},"tags":[]},{"ancestorTitles":[],"fullName":"releases pending extraction when manual save leaves the dialog open after a storage failure","status":"passed","title":"releases pending extraction when manual save leaves the dialog open after a storage failure","duration":32.84479099999999,"failureMessages":[],"meta":{},"tags":[]}],"startTime":1787840631156,"endTime":1787840631546.8447,"status":"passed","message":"","name":"/Users/andydb/.codex/worktrees/322b/无线画布/app/src/features/subjects/CreateSubjectDialog.test.tsx"},{"assertionResults":[{"ancestorTitles":["subject repository"],"fullName":"subject repository persists a subject from an image result and keeps it globally reusable","status":"passed","title":"persists a subject from an image result and keeps it globally reusable","duration":17.18883299999999,"failureMessages":[],"meta":{},"tags":[]},{"ancestorTitles":["subject repository"],"fullName":"subject repository edits and deletes a subject without project scoping","status":"passed","title":"edits and deletes a subject without project scoping","duration":14.685416999999973,"failureMessages":[],"meta":{},"tags":[]},{"ancestorTitles":["subject repository"],"fullName":"subject repository persists reviewed structured extraction and token usage across repository instances","status":"passed","title":"persists reviewed structured extraction and token usage across repository instances","duration":20.26600000000002,"failureMessages":[],"meta":{},"tags":[]}],"startTime":1787840634472,"endTime":1787840634524.266,"status":"passed","message":"","name":"/Users/andydb/.codex/worktrees/322b/无线画布/app/src/features/subjects/subject-repository.test.ts"},{"assertionResults":[{"ancestorTitles":[],"fullName":"uses real React Flow handles with button semantics and keyboard actions","status":"passed","title":"uses real React Flow handles with button semantics and keyboard actions","duration":60.33791700000006,"failureMessages":[],"meta":{},"tags":[]},{"ancestorTitles":[],"fullName":"exposes connection mode and selected-source state on the real node shell","status":"passed","title":"exposes connection mode and selected-source state on the real node shell","duration":12.460915999999997,"failureMessages":[],"meta":{},"tags":[]},{"ancestorTitles":[],"fullName":"edits a Liblib media node title from its floating heading","status":"passed","title":"edits a Liblib media node title from its floating heading","duration":46.27212499999996,"failureMessages":[],"meta":{},"tags":[]},{"ancestorTitles":[],"fullName":"keeps image nodes folded until they become the current selection","status":"passed","title":"keeps image nodes folded until they become the current selection","duration":88.54729199999997,"failureMessages":[],"meta":{},"tags":[]},{"ancestorTitles":[],"fullName":"matches the empty Liblib image card attempts and three composer actions","status":"passed","title":"matches the empty Liblib image card attempts and three composer actions","duration":47.062208000000055,"failureMessages":[],"meta":{},"tags":[]},{"ancestorTitles":[],"fullName":"keeps specialized nodes folded until selected and edits text details","status":"passed","title":"keeps specialized nodes folded until selected and edits text details","duration":56.26612499999999,"failureMessages":[],"meta":{},"tags":[]},{"ancestorTitles":[],"fullName":"starts the connected text-to-video preset from the text quick action","status":"passed","title":"starts the connected text-to-video preset from the text quick action","duration":28.068540999999982,"failureMessages":[],"meta":{},"tags":[]},{"ancestorTitles":[],"fullName":"edits manual text inside the compact node with a Liblib formatting toolbar","status":"passed","title":"edits manual text inside the compact node with a Liblib formatting toolbar","duration":116.57325000000003,"failureMessages":[],"meta":{},"tags":[]},{"ancestorTitles":[],"fullName":"removes text demo tiers and explains the unavailable real model without fabricating text","status":"passed","title":"removes text demo tiers and explains the unavailable real model without fabricating text","duration":57.933041,"failureMessages":[],"meta":{},"tags":[]},{"ancestorTitles":[],"fullName":"groups the configured Ark text model as an official API and dispatches real text generation","status":"passed","title":"groups the configured Ark text model as an official API and dispatches real text generation","duration":72.78000000000009,"failureMessages":[],"meta":{},"tags":[]},{"ancestorTitles":[],"fullName":"dispatches a configured Ark script generation with outline and scene count","status":"passed","title":"dispatches a configured Ark script generation with outline and scene count","duration":48.881250000000136,"failureMessages":[],"meta":{},"tags":[]},{"ancestorTitles":[],"fullName":"shows editable script chapters, summaries, and word counts","status":"passed","title":"shows editable script chapters, summaries, and word counts","duration":41.55108300000006,"failureMessages":[],"meta":{},"tags":[]},{"ancestorTitles":[],"fullName":"preserves script drafting while unconfigured real generation remains disabled","status":"passed","title":"preserves script drafting while unconfigured real generation remains disabled","duration":65.49608400000011,"failureMessages":[],"meta":{},"tags":[]},{"ancestorTitles":[],"fullName":"shows persistent audio duration, voice, speed, and volume controls","status":"passed","title":"shows persistent audio duration, voice, speed, and volume controls","duration":42.024625000000015,"failureMessages":[],"meta":{},"tags":[]},{"ancestorTitles":[],"fullName":"switches between real audio providers with manifest defaults and estimated cost","status":"passed","title":"switches between real audio providers with manifest defaults and estimated cost","duration":29.877874999999904,"failureMessages":[],"meta":{},"tags":[]},{"ancestorTitles":[],"fullName":"explains both unavailable Ark audio tools without side effects (mock)","status":"passed","title":"explains both unavailable Ark audio tools without side effects (mock)","duration":41.45587499999988,"failureMessages":[],"meta":{},"tags":[]},{"ancestorTitles":[],"fullName":"explains both unavailable Ark audio tools without side effects (configured)","status":"passed","title":"explains both unavailable Ark audio tools without side effects (configured)","duration":23.744416999999885,"failureMessages":[],"meta":{},"tags":[]},{"ancestorTitles":[],"fullName":"groups live Ark audio models and dispatches TTS with persisted node parameters","status":"passed","title":"groups live Ark audio models and dispatches TTS with persisted node parameters","duration":126.42212500000005,"failureMessages":[],"meta":{},"tags":[]},{"ancestorTitles":[],"fullName":"offers waveform selection, preview speed, and real WAV processing for audio assets","status":"passed","title":"offers waveform selection, preview speed, and real WAV processing for audio assets","duration":44.25295899999992,"failureMessages":[],"meta":{},"tags":[]},{"ancestorTitles":[],"fullName":"adds, sorts, and removes director shots with camera hints","status":"passed","title":"adds, sorts, and removes director shots with camera hints","duration":82.17837499999996,"failureMessages":[],"meta":{},"tags":[]},{"ancestorTitles":[],"fullName":"explains the frame analysis source picker and keeps unconfigured submission disabled","status":"passed","title":"explains the frame analysis source picker and keeps unconfigured submission disabled","duration":4.787540999999919,"failureMessages":[],"meta":{},"tags":[]},{"ancestorTitles":[],"fullName":"shows smart-edit tracks, clips, and export duration","status":"passed","title":"shows smart-edit tracks, clips, and export duration","duration":6.584292000000005,"failureMessages":[],"meta":{},"tags":[]}],"startTime":1787840630568,"endTime":1787840631711.5842,"status":"passed","message":"","name":"/Users/andydb/.codex/worktrees/322b/无线画布/app/src/features/canvas/nodes/AssetNode.test.tsx"},{"assertionResults":[{"ancestorTitles":[],"fullName":"renders structured character fields, image reference, and edit action","status":"passed","title":"renders structured character fields, image reference, and edit action","duration":120.97741700000006,"failureMessages":[],"meta":{},"tags":[]},{"ancestorTitles":[],"fullName":"keeps real connection handles keyboard accessible","status":"passed","title":"keeps real connection handles keyboard accessible","duration":20.421583000000055,"failureMessages":[],"meta":{},"tags":[]},{"ancestorTitles":[],"fullName":"survives a persisted card with missing structured data","status":"passed","title":"survives a persisted card with missing structured data","duration":5.846000000000004,"failureMessages":[],"meta":{},"tags":[]}],"startTime":1787840634254,"endTime":1787840634401.846,"status":"passed","message":"","name":"/Users/andydb/.codex/worktrees/322b/无线画布/app/src/features/canvas/nodes/CreativeCardNode.test.tsx"},{"assertionResults":[{"ancestorTitles":[],"fullName":"matches the Liblib image action bar and generation copy without legacy node actions","status":"passed","title":"matches the Liblib image action bar and generation copy without legacy node actions","duration":58.60108300000002,"failureMessages":[],"meta":{},"tags":[]},{"ancestorTitles":[],"fullName":"opens the complete Liblib image parameter picker and persists its live summary","status":"passed","title":"opens the complete Liblib image parameter picker and persists its live summary","duration":75.9414999999999,"failureMessages":[],"meta":{},"tags":[]},{"ancestorTitles":[],"fullName":"opens the grouped Liblib image template catalog and guards AI templates behind placeholders","status":"passed","title":"opens the grouped Liblib image template catalog and guards AI templates behind placeholders","duration":135.7527090000001,"failureMessages":[],"meta":{},"tags":[]},{"ancestorTitles":[],"fullName":"keeps every image AI preset in the preset panel without changing the selected model","status":"passed","title":"keeps every image AI preset in the preset panel without changing the selected model","duration":293.40708300000006,"failureMessages":[],"meta":{},"tags":[]},{"ancestorTitles":[],"fullName":"blocks an already requested legacy upscale confirmation without creating fake output","status":"passed","title":"blocks an already requested legacy upscale confirmation without creating fake output","duration":15.79445899999996,"failureMessages":[],"meta":{},"tags":[]},{"ancestorTitles":[],"fullName":"migrates retired image model selection to the real provider without losing the node","status":"passed","title":"migrates retired image model selection to the real provider without losing the node","duration":4.49416599999995,"failureMessages":[],"meta":{},"tags":[]},{"ancestorTitles":[],"fullName":"opens and safely exits the local element marking mode","status":"passed","title":"opens and safely exits the local element marking mode","duration":23.581667000000152,"failureMessages":[],"meta":{},"tags":[]},{"ancestorTitles":[],"fullName":"exposes the verified MJ image settings with persistent accessible controls","status":"passed","title":"exposes the verified MJ image settings with persistent accessible controls","duration":86.61620900000003,"failureMessages":[],"meta":{},"tags":[]},{"ancestorTitles":[],"fullName":"shows only the disabled real image provider when configuration is missing","status":"passed","title":"shows only the disabled real image provider when configuration is missing","duration":8.840750000000071,"failureMessages":[],"meta":{},"tags":[]},{"ancestorTitles":[],"fullName":"exposes an enabled Seedream 5.0 Pro live provider with real dimensions and truthful submit state","status":"passed","title":"exposes an enabled Seedream 5.0 Pro live provider with real dimensions and truthful submit state","duration":15.225083999999924,"failureMessages":[],"meta":{},"tags":[]},{"ancestorTitles":[],"fullName":"confirms the multiplied live Seedream cost before submitting four serial images","status":"passed","title":"confirms the multiplied live Seedream cost before submitting four serial images","duration":56.106042000000116,"failureMessages":[],"meta":{},"tags":[]},{"ancestorTitles":[],"fullName":"supports adaptive and validated custom Seedream output sizes","status":"passed","title":"supports adaptive and validated custom Seedream output sizes","duration":155.41104199999995,"failureMessages":[],"meta":{},"tags":[]},{"ancestorTitles":[],"fullName":"opens a searchable three-tab style gallery with ten categories and complete cards","status":"passed","title":"opens a searchable three-tab style gallery with ten categories and complete cards","duration":50.080917,"failureMessages":[],"meta":{},"tags":[]},{"ancestorTitles":[],"fullName":"requires prompt or media and a visible cost before local image submission","status":"passed","title":"requires prompt or media and a visible cost before local image submission","duration":65.19016699999997,"failureMessages":[],"meta":{},"tags":[]},{"ancestorTitles":[],"fullName":"flushes the current prompt before generating without requiring blur","status":"passed","title":"flushes the current prompt before generating without requiring blur","duration":92.4010830000002,"failureMessages":[],"meta":{},"tags":[]},{"ancestorTitles":[],"fullName":"exposes canvas reference mode controls without creating an edge locally","status":"passed","title":"exposes canvas reference mode controls without creating an edge locally","duration":42.15383399999973,"failureMessages":[],"meta":{},"tags":[]}],"startTime":1787840629580,"endTime":1787840630760.1538,"status":"passed","message":"","name":"/Users/andydb/.codex/worktrees/322b/无线画布/app/src/features/canvas/nodes/ImageNodeDetails.test.tsx"},{"assertionResults":[{"ancestorTitles":[],"fullName":"an empty video prompt cannot submit without a source and becomes usable after typing","status":"passed","title":"an empty video prompt cannot submit without a source and becomes usable after typing","duration":85.29200000000014,"failureMessages":[],"meta":{},"tags":[]},{"ancestorTitles":[],"fullName":"keeps a video as a folded media card until it becomes the current node","status":"passed","title":"keeps a video as a folded media card until it becomes the current node","duration":47.813499999999976,"failureMessages":[],"meta":{},"tags":[]},{"ancestorTitles":[],"fullName":"renders an empty selected video as a Liblib media card with a separate compact composer","status":"passed","title":"renders an empty selected video as a Liblib media card with a separate compact composer","duration":13.464999999999918,"failureMessages":[],"meta":{},"tags":[]},{"ancestorTitles":[],"fullName":"renders the verified video generation controls, disabled modes, and cost","status":"passed","title":"renders the verified video generation controls, disabled modes, and cost","duration":81.76658300000008,"failureMessages":[],"meta":{},"tags":[]},{"ancestorTitles":[],"fullName":"submits the current prompt draft through the video generate button","status":"passed","title":"submits the current prompt draft through the video generate button","duration":127.32662499999992,"failureMessages":[],"meta":{},"tags":[]},{"ancestorTitles":[],"fullName":"migrates a retired video provider to real defaults with its price and supported switches","status":"passed","title":"migrates a retired video provider to real defaults with its price and supported switches","duration":37.125082999999904,"failureMessages":[],"meta":{},"tags":[]},{"ancestorTitles":[],"fullName":"resolves the selected provider from the persisted generation config before the legacy node field","status":"passed","title":"resolves the selected provider from the persisted generation config before the legacy node field","duration":12.722666000000117,"failureMessages":[],"meta":{},"tags":[]},{"ancestorTitles":[],"fullName":"omits an empty quality value from the reordered video summary","status":"passed","title":"omits an empty quality value from the reordered video summary","duration":20.535542000000078,"failureMessages":[],"meta":{},"tags":[]},{"ancestorTitles":[],"fullName":"has no demo video options and disables unconfigured real generation","status":"passed","title":"has no demo video options and disables unconfigured real generation","duration":17.921749999999975,"failureMessages":[],"meta":{},"tags":[]},{"ancestorTitles":[],"fullName":"uses official Seedance duration and resolution constraints instead of retired mock limits","status":"passed","title":"uses official Seedance duration and resolution constraints instead of retired mock limits","duration":35.894874999999956,"failureMessages":[],"meta":{},"tags":[]},{"ancestorTitles":[],"fullName":"keeps all reference modes available when switching to live Seedance 2.0","status":"passed","title":"keeps all reference modes available when switching to live Seedance 2.0","duration":31.46391699999981,"failureMessages":[],"meta":{},"tags":[]},{"ancestorTitles":[],"fullName":"preserves a supported saved mode when live Seedance is first rendered","status":"passed","title":"preserves a supported saved mode when live Seedance is first rendered","duration":11.771124999999984,"failureMessages":[],"meta":{},"tags":[]},{"ancestorTitles":[],"fullName":"exposes frame confirmations beside the result player and all seven reference controls","status":"passed","title":"exposes frame confirmations beside the result player and all seven reference controls","duration":84.5328750000001,"failureMessages":[],"meta":{},"tags":[]},{"ancestorTitles":[],"fullName":"opens the verified mark, effects, subject, character, and camera-motion surfaces","status":"passed","title":"opens the verified mark, effects, subject, character, and camera-motion surfaces","duration":152.82512499999984,"failureMessages":[],"meta":{},"tags":[]},{"ancestorTitles":[],"fullName":"renders exact local configurations for video upscale and frame analysis nodes","status":"passed","title":"renders exact local configurations for video upscale and frame analysis nodes","duration":2.913000000000011,"failureMessages":[],"meta":{},"tags":[]}],"startTime":1787840629685,"endTime":1787840630448.913,"status":"passed","message":"","name":"/Users/andydb/.codex/worktrees/322b/无线画布/app/src/features/canvas/nodes/VideoNode.test.tsx"},{"assertionResults":[{"ancestorTitles":["image result action policy"],"fullName":"image result action policy freezes the model and state driven Liblib action table","status":"passed","title":"freezes the model and state driven Liblib action table","duration":2.086207999999999,"failureMessages":[],"meta":{},"tags":[]},{"ancestorTitles":["image result action policy"],"fullName":"image result action policy keeps empty and unverified model states on the safe three-action surface","status":"passed","title":"keeps empty and unverified model states on the safe three-action surface","duration":0.7420000000000186,"failureMessages":[],"meta":{},"tags":[]},{"ancestorTitles":["image result action policy"],"fullName":"image result action policy removes fixed result actions that Liblib does not expose","status":"passed","title":"removes fixed result actions that Liblib does not expose","duration":0.470957999999996,"failureMessages":[],"meta":{},"tags":[]}],"startTime":1787840639897,"endTime":1787840639900.471,"status":"passed","message":"","name":"/Users/andydb/.codex/worktrees/322b/无线画布/app/src/features/canvas/nodes/image-result-action-policy.test.ts"}]}